2021-07-27T23:03:02.026+0300 [DEBUG] [org.gradle.launcher.daemon.bootstrap.DaemonMain] Assuming the daemon was started with following jvm opts: [-XX:MaxMetaspaceSize=256m, -XX:+HeapDumpOnOutOfMemoryError, -Xms256m, -Xmx512m, -Dfile.encoding=UTF-8, -Duser.country=RU, -Duser.language=ru, -Duser.variant]
2021-07-27T23:03:02.363+0300 [DEBUG] [org.gradle.internal.nativeintegration.services.NativeServices] Native-platform posix files integration is not available. Continuing with fallback.
2021-07-27T23:03:02.412+0300 [INFO] [org.gradle.launcher.daemon.server.Daemon] start() called on daemon - DefaultDaemonContext[uid=74474b69-35e2-4040-bff3-ed4beffd5387,javaHome=D:\Inna\Documents\JavaCourse\Programs\openjdk-8u282-b08,daemonRegistryDir=D:\Inna\Documents\JavaCourseProf\3\toll-2017-gradle\daemon,pid=4020,idleTimeout=10800000,priority=NORMAL,daemonOpts=-XX:MaxMetaspaceSize=256m,-XX:+HeapDumpOnOutOfMemoryError,-Xms256m,-Xmx512m,-Dfile.encoding=UTF-8,-Duser.country=RU,-Duser.language=ru,-Duser.variant]
2021-07-27T23:03:04.938+0300 [DEBUG] [org.gradle.internal.remote.internal.inet.InetAddresses] Adding IP addresses for network interface Software Loopback Interface 1
2021-07-27T23:03:04.945+0300 [DEBUG] [org.gradle.internal.remote.internal.inet.InetAddresses] Is this a loopback interface? true
2021-07-27T23:03:04.949+0300 [DEBUG] [org.gradle.internal.remote.internal.inet.InetAddresses] Adding loopback address /127.0.0.1
2021-07-27T23:03:04.950+0300 [DEBUG] [org.gradle.internal.remote.internal.inet.InetAddresses] Adding loopback address /0:0:0:0:0:0:0:1
2021-07-27T23:03:04.982+0300 [DEBUG] [org.gradle.internal.remote.internal.inet.InetAddresses] Adding IP addresses for network interface Microsoft 6to4 Adapter
2021-07-27T23:03:04.990+0300 [DEBUG] [org.gradle.internal.remote.internal.inet.InetAddresses] Is this a loopback interface? false
2021-07-27T23:03:04.990+0300 [DEBUG] [org.gradle.internal.remote.internal.inet.InetAddresses] Adding IP addresses for network interface WAN Miniport (Network Monitor)
2021-07-27T23:03:04.996+0300 [DEBUG] [org.gradle.internal.remote.internal.inet.InetAddresses] Is this a loopback interface? false
2021-07-27T23:03:04.997+0300 [DEBUG] [org.gradle.internal.remote.internal.inet.InetAddresses] Adding IP addresses for network interface Kaspersky Security Data Escort Adapter #2
2021-07-27T23:03:05.005+0300 [DEBUG] [org.gradle.internal.remote.internal.inet.InetAddresses] Is this a loopback interface? false
2021-07-27T23:03:05.006+0300 [DEBUG] [org.gradle.internal.remote.internal.inet.InetAddresses] Adding remote address /fe80:0:0:0:203a:d69f:67e4:658f%eth1
2021-07-27T23:03:05.006+0300 [DEBUG] [org.gradle.internal.remote.internal.inet.InetAddresses] Adding IP addresses for network interface Fortinet Virtual Ethernet Adapter (NDIS 6.30)
2021-07-27T23:03:05.015+0300 [DEBUG] [org.gradle.internal.remote.internal.inet.InetAddresses] Is this a loopback interface? false
2021-07-27T23:03:05.016+0300 [DEBUG] [org.gradle.internal.remote.internal.inet.InetAddresses] Adding remote address /fe80:0:0:0:f858:a68b:437d:79f6%eth2
2021-07-27T23:03:05.017+0300 [DEBUG] [org.gradle.internal.remote.internal.inet.InetAddresses] Adding IP addresses for network interface WAN Miniport (PPPOE)
2021-07-27T23:03:05.025+0300 [DEBUG] [org.gradle.internal.remote.internal.inet.InetAddresses] Is this a loopback interface? false
2021-07-27T23:03:05.025+0300 [DEBUG] [org.gradle.internal.remote.internal.inet.InetAddresses] Adding IP addresses for network interface Microsoft Wi-Fi Direct Virtual Adapter #2
2021-07-27T23:03:05.035+0300 [DEBUG] [org.gradle.internal.remote.internal.inet.InetAddresses] Is this a loopback interface? false
2021-07-27T23:03:05.035+0300 [DEBUG] [org.gradle.internal.remote.internal.inet.InetAddresses] Adding remote address /fe80:0:0:0:8142:b89:6cdc:d21d%wlan0
2021-07-27T23:03:05.035+0300 [DEBUG] [org.gradle.internal.remote.internal.inet.InetAddresses] Adding IP addresses for network interface WAN Miniport (IKEv2)
2021-07-27T23:03:05.042+0300 [DEBUG] [org.gradle.internal.remote.internal.inet.InetAddresses] Is this a loopback interface? false
2021-07-27T23:03:05.042+0300 [DEBUG] [org.gradle.internal.remote.internal.inet.InetAddresses] Adding IP addresses for network interface Microsoft IP-HTTPS Platform Adapter
2021-07-27T23:03:05.052+0300 [DEBUG] [org.gradle.internal.remote.internal.inet.InetAddresses] Is this a loopback interface? false
2021-07-27T23:03:05.052+0300 [DEBUG] [org.gradle.internal.remote.internal.inet.InetAddresses] Adding IP addresses for network interface TAP-Windows Adapter V9 for OpenVPN Connect
2021-07-27T23:03:05.058+0300 [DEBUG] [org.gradle.internal.remote.internal.inet.InetAddresses] Is this a loopback interface? false
2021-07-27T23:03:05.058+0300 [DEBUG] [org.gradle.internal.remote.internal.inet.InetAddresses] Adding remote address /fe80:0:0:0:bc1e:4a30:7a06:93a3%eth3
2021-07-27T23:03:05.059+0300 [DEBUG] [org.gradle.internal.remote.internal.inet.InetAddresses] Adding IP addresses for network interface Microsoft Kernel Debug Network Adapter
2021-07-27T23:03:05.066+0300 [DEBUG] [org.gradle.internal.remote.internal.inet.InetAddresses] Is this a loopback interface? false
2021-07-27T23:03:05.068+0300 [DEBUG] [org.gradle.internal.remote.internal.inet.InetAddresses] Adding IP addresses for network interface WAN Miniport (IP)
2021-07-27T23:03:05.076+0300 [DEBUG] [org.gradle.internal.remote.internal.inet.InetAddresses] Is this a loopback interface? false
2021-07-27T23:03:05.076+0300 [DEBUG] [org.gradle.internal.remote.internal.inet.InetAddresses] Adding IP addresses for network interface Realtek RTL8723BE 802.11 bgn Wi-Fi Adapter
2021-07-27T23:03:05.086+0300 [DEBUG] [org.gradle.internal.remote.internal.inet.InetAddresses] Is this a loopback interface? false
2021-07-27T23:03:05.086+0300 [DEBUG] [org.gradle.internal.remote.internal.inet.InetAddresses] Adding remote address /192.168.31.240
2021-07-27T23:03:05.087+0300 [DEBUG] [org.gradle.internal.remote.internal.inet.InetAddresses] Adding remote address /fe80:0:0:0:a089:dffe:1b85:16a1%wlan1
2021-07-27T23:03:05.087+0300 [DEBUG] [org.gradle.internal.remote.internal.inet.InetAddresses] Adding IP addresses for network interface WAN Miniport (SSTP)
2021-07-27T23:03:05.098+0300 [DEBUG] [org.gradle.internal.remote.internal.inet.InetAddresses] Is this a loopback interface? false
2021-07-27T23:03:05.098+0300 [DEBUG] [org.gradle.internal.remote.internal.inet.InetAddresses] Adding IP addresses for network interface Microsoft Wi-Fi Direct Virtual Adapter
2021-07-27T23:03:05.107+0300 [DEBUG] [org.gradle.internal.remote.internal.inet.InetAddresses] Is this a loopback interface? false
2021-07-27T23:03:05.108+0300 [DEBUG] [org.gradle.internal.remote.internal.inet.InetAddresses] Adding remote address /fe80:0:0:0:f0c1:8ed8:93b0:69f5%wlan2
2021-07-27T23:03:05.108+0300 [DEBUG] [org.gradle.internal.remote.internal.inet.InetAddresses] Adding IP addresses for network interface Microsoft Teredo Tunneling Adapter
2021-07-27T23:03:05.116+0300 [DEBUG] [org.gradle.internal.remote.internal.inet.InetAddresses] Is this a loopback interface? false
2021-07-27T23:03:05.116+0300 [DEBUG] [org.gradle.internal.remote.internal.inet.InetAddresses] Adding IP addresses for network interface Kaspersky Security Data Escort Adapter
2021-07-27T23:03:05.124+0300 [DEBUG] [org.gradle.internal.remote.internal.inet.InetAddresses] Is this a loopback interface? false
2021-07-27T23:03:05.124+0300 [DEBUG] [org.gradle.internal.remote.internal.inet.InetAddresses] Adding remote address /fe80:0:0:0:7dfe:fee4:5807:1cfd%eth6
2021-07-27T23:03:05.124+0300 [DEBUG] [org.gradle.internal.remote.internal.inet.InetAddresses] Adding IP addresses for network interface Realtek PCIe FE Family Controller
2021-07-27T23:03:05.132+0300 [DEBUG] [org.gradle.internal.remote.internal.inet.InetAddresses] Is this a loopback interface? false
2021-07-27T23:03:05.132+0300 [DEBUG] [org.gradle.internal.remote.internal.inet.InetAddresses] Adding remote address /fe80:0:0:0:b873:f6a0:e73:96c3%eth7
2021-07-27T23:03:05.133+0300 [DEBUG] [org.gradle.internal.remote.internal.inet.InetAddresses] Adding IP addresses for network interface WAN Miniport (PPTP)
2021-07-27T23:03:05.139+0300 [DEBUG] [org.gradle.internal.remote.internal.inet.InetAddresses] Is this a loopback interface? false
2021-07-27T23:03:05.140+0300 [DEBUG] [org.gradle.internal.remote.internal.inet.InetAddresses] Adding IP addresses for network interface PPPoP WAN Adapter
2021-07-27T23:03:05.145+0300 [DEBUG] [org.gradle.internal.remote.internal.inet.InetAddresses] Is this a loopback interface? false
2021-07-27T23:03:05.145+0300 [DEBUG] [org.gradle.internal.remote.internal.inet.InetAddresses] Adding IP addresses for network interface Fortinet SSL VPN Virtual Ethernet Adapter
2021-07-27T23:03:05.153+0300 [DEBUG] [org.gradle.internal.remote.internal.inet.InetAddresses] Is this a loopback interface? false
2021-07-27T23:03:05.153+0300 [DEBUG] [org.gradle.internal.remote.internal.inet.InetAddresses] Adding remote address /172.18.24.88
2021-07-27T23:03:05.153+0300 [DEBUG] [org.gradle.internal.remote.internal.inet.InetAddresses] Adding remote address /fe80:0:0:0:ad7c:54e6:c7a0:acf7%eth8
2021-07-27T23:03:05.153+0300 [DEBUG] [org.gradle.internal.remote.internal.inet.InetAddresses] Adding IP addresses for network interface WAN Miniport (L2TP)
2021-07-27T23:03:05.159+0300 [DEBUG] [org.gradle.internal.remote.internal.inet.InetAddresses] Is this a loopback interface? false
2021-07-27T23:03:05.160+0300 [DEBUG] [org.gradle.internal.remote.internal.inet.InetAddresses] Adding IP addresses for network interface WAN Miniport (IPv6)
2021-07-27T23:03:05.166+0300 [DEBUG] [org.gradle.internal.remote.internal.inet.InetAddresses] Is this a loopback interface? false
2021-07-27T23:03:05.167+0300 [DEBUG] [org.gradle.internal.remote.internal.inet.InetAddresses] Adding IP addresses for network interface Kaspersky Security Data Escort Adapter #2-WFP Native MAC Layer LightWeight Filter-0000
2021-07-27T23:03:05.172+0300 [DEBUG] [org.gradle.internal.remote.internal.inet.InetAddresses] Is this a loopback interface? false
2021-07-27T23:03:05.173+0300 [DEBUG] [org.gradle.internal.remote.internal.inet.InetAddresses] Adding IP addresses for network interface Kaspersky Security Data Escort Adapter #2-Fortinet NDIS 6.0 LightWeight Filter-0000
2021-07-27T23:03:05.178+0300 [DEBUG] [org.gradle.internal.remote.internal.inet.InetAddresses] Is this a loopback interface? false
2021-07-27T23:03:05.179+0300 [DEBUG] [org.gradle.internal.remote.internal.inet.InetAddresses] Adding IP addresses for network interface Kaspersky Security Data Escort Adapter-WFP Native MAC Layer LightWeight Filter-0000
2021-07-27T23:03:05.185+0300 [DEBUG] [org.gradle.internal.remote.internal.inet.InetAddresses] Is this a loopback interface? false
2021-07-27T23:03:05.185+0300 [DEBUG] [org.gradle.internal.remote.internal.inet.InetAddresses] Adding IP addresses for network interface Kaspersky Security Data Escort Adapter #2-Kaspersky Lab NDIS 6 Filter-0000
2021-07-27T23:03:05.191+0300 [DEBUG] [org.gradle.internal.remote.internal.inet.InetAddresses] Is this a loopback interface? false
2021-07-27T23:03:05.191+0300 [DEBUG] [org.gradle.internal.remote.internal.inet.InetAddresses] Adding IP addresses for network interface Kaspersky Security Data Escort Adapter-Fortinet NDIS 6.0 LightWeight Filter-0000
2021-07-27T23:03:05.197+0300 [DEBUG] [org.gradle.internal.remote.internal.inet.InetAddresses] Is this a loopback interface? false
2021-07-27T23:03:05.197+0300 [DEBUG] [org.gradle.internal.remote.internal.inet.InetAddresses] Adding IP addresses for network interface Kaspersky Security Data Escort Adapter #2-VirtualBox NDIS Light-Weight Filter-0000
2021-07-27T23:03:05.203+0300 [DEBUG] [org.gradle.internal.remote.internal.inet.InetAddresses] Is this a loopback interface? false
2021-07-27T23:03:05.203+0300 [DEBUG] [org.gradle.internal.remote.internal.inet.InetAddresses] Adding IP addresses for network interface Kaspersky Security Data Escort Adapter-Kaspersky Lab NDIS 6 Filter-0000
2021-07-27T23:03:05.209+0300 [DEBUG] [org.gradle.internal.remote.internal.inet.InetAddresses] Is this a loopback interface? false
2021-07-27T23:03:05.209+0300 [DEBUG] [org.gradle.internal.remote.internal.inet.InetAddresses] Adding IP addresses for network interface Kaspersky Security Data Escort Adapter #2-QoS Packet Scheduler-0000
2021-07-27T23:03:05.215+0300 [DEBUG] [org.gradle.internal.remote.internal.inet.InetAddresses] Is this a loopback interface? false
2021-07-27T23:03:05.215+0300 [DEBUG] [org.gradle.internal.remote.internal.inet.InetAddresses] Adding IP addresses for network interface Kaspersky Security Data Escort Adapter-VirtualBox NDIS Light-Weight Filter-0000
2021-07-27T23:03:05.221+0300 [DEBUG] [org.gradle.internal.remote.internal.inet.InetAddresses] Is this a loopback interface? false
2021-07-27T23:03:05.221+0300 [DEBUG] [org.gradle.internal.remote.internal.inet.InetAddresses] Adding IP addresses for network interface Kaspersky Security Data Escort Adapter #2-WFP 802.3 MAC Layer LightWeight Filter-0000
2021-07-27T23:03:05.227+0300 [DEBUG] [org.gradle.internal.remote.internal.inet.InetAddresses] Is this a loopback interface? false
2021-07-27T23:03:05.227+0300 [DEBUG] [org.gradle.internal.remote.internal.inet.InetAddresses] Adding IP addresses for network interface Kaspersky Security Data Escort Adapter-QoS Packet Scheduler-0000
2021-07-27T23:03:05.233+0300 [DEBUG] [org.gradle.internal.remote.internal.inet.InetAddresses] Is this a loopback interface? false
2021-07-27T23:03:05.233+0300 [DEBUG] [org.gradle.internal.remote.internal.inet.InetAddresses] Adding IP addresses for network interface Kaspersky Security Data Escort Adapter-WFP 802.3 MAC Layer LightWeight Filter-0000
2021-07-27T23:03:05.239+0300 [DEBUG] [org.gradle.internal.remote.internal.inet.InetAddresses] Is this a loopback interface? false
2021-07-27T23:03:05.240+0300 [DEBUG] [org.gradle.internal.remote.internal.inet.InetAddresses] Adding IP addresses for network interface Fortinet Virtual Ethernet Adapter (NDIS 6.30)-WFP Native MAC Layer LightWeight Filter-0000
2021-07-27T23:03:05.245+0300 [DEBUG] [org.gradle.internal.remote.internal.inet.InetAddresses] Is this a loopback interface? false
2021-07-27T23:03:05.245+0300 [DEBUG] [org.gradle.internal.remote.internal.inet.InetAddresses] Adding IP addresses for network interface Fortinet Virtual Ethernet Adapter (NDIS 6.30)-Fortinet NDIS 6.0 LightWeight Filter-0000
2021-07-27T23:03:05.251+0300 [DEBUG] [org.gradle.internal.remote.internal.inet.InetAddresses] Is this a loopback interface? false
2021-07-27T23:03:05.251+0300 [DEBUG] [org.gradle.internal.remote.internal.inet.InetAddresses] Adding IP addresses for network interface Fortinet Virtual Ethernet Adapter (NDIS 6.30)-Kaspersky Lab NDIS 6 Filter-0000
2021-07-27T23:03:05.257+0300 [DEBUG] [org.gradle.internal.remote.internal.inet.InetAddresses] Is this a loopback interface? false
2021-07-27T23:03:05.257+0300 [DEBUG] [org.gradle.internal.remote.internal.inet.InetAddresses] Adding IP addresses for network interface TAP-Windows Adapter V9 for OpenVPN Connect-WFP Native MAC Layer LightWeight Filter-0000
2021-07-27T23:03:05.262+0300 [DEBUG] [org.gradle.internal.remote.internal.inet.InetAddresses] Is this a loopback interface? false
2021-07-27T23:03:05.263+0300 [DEBUG] [org.gradle.internal.remote.internal.inet.InetAddresses] Adding IP addresses for network interface Fortinet Virtual Ethernet Adapter (NDIS 6.30)-VirtualBox NDIS Light-Weight Filter-0000
2021-07-27T23:03:05.268+0300 [DEBUG] [org.gradle.internal.remote.internal.inet.InetAddresses] Is this a loopback interface? false
2021-07-27T23:03:05.269+0300 [DEBUG] [org.gradle.internal.remote.internal.inet.InetAddresses] Adding IP addresses for network interface TAP-Windows Adapter V9 for OpenVPN Connect-Fortinet NDIS 6.0 LightWeight Filter-0000
2021-07-27T23:03:05.274+0300 [DEBUG] [org.gradle.internal.remote.internal.inet.InetAddresses] Is this a loopback interface? false
2021-07-27T23:03:05.274+0300 [DEBUG] [org.gradle.internal.remote.internal.inet.InetAddresses] Adding IP addresses for network interface Fortinet Virtual Ethernet Adapter (NDIS 6.30)-QoS Packet Scheduler-0000
2021-07-27T23:03:05.280+0300 [DEBUG] [org.gradle.internal.remote.internal.inet.InetAddresses] Is this a loopback interface? false
2021-07-27T23:03:05.280+0300 [DEBUG] [org.gradle.internal.remote.internal.inet.InetAddresses] Adding IP addresses for network interface TAP-Windows Adapter V9 for OpenVPN Connect-Kaspersky Lab NDIS 6 Filter-0000
2021-07-27T23:03:05.286+0300 [DEBUG] [org.gradle.internal.remote.internal.inet.InetAddresses] Is this a loopback interface? false
2021-07-27T23:03:05.286+0300 [DEBUG] [org.gradle.internal.remote.internal.inet.InetAddresses] Adding IP addresses for network interface TAP-Windows Adapter V9 for OpenVPN Connect-VirtualBox NDIS Light-Weight Filter-0000
2021-07-27T23:03:05.291+0300 [DEBUG] [org.gradle.internal.remote.internal.inet.InetAddresses] Is this a loopback interface? false
2021-07-27T23:03:05.291+0300 [DEBUG] [org.gradle.internal.remote.internal.inet.InetAddresses] Adding IP addresses for network interface TAP-Windows Adapter V9 for OpenVPN Connect-QoS Packet Scheduler-0000
2021-07-27T23:03:05.297+0300 [DEBUG] [org.gradle.internal.remote.internal.inet.InetAddresses] Is this a loopback interface? false
2021-07-27T23:03:05.297+0300 [DEBUG] [org.gradle.internal.remote.internal.inet.InetAddresses] Adding IP addresses for network interface Realtek PCIe FE Family Controller-WFP Native MAC Layer LightWeight Filter-0000
2021-07-27T23:03:05.303+0300 [DEBUG] [org.gradle.internal.remote.internal.inet.InetAddresses] Is this a loopback interface? false
2021-07-27T23:03:05.303+0300 [DEBUG] [org.gradle.internal.remote.internal.inet.InetAddresses] Adding IP addresses for network interface Realtek PCIe FE Family Controller-Fortinet NDIS 6.0 LightWeight Filter-0000
2021-07-27T23:03:05.309+0300 [DEBUG] [org.gradle.internal.remote.internal.inet.InetAddresses] Is this a loopback interface? false
2021-07-27T23:03:05.309+0300 [DEBUG] [org.gradle.internal.remote.internal.inet.InetAddresses] Adding IP addresses for network interface Realtek PCIe FE Family Controller-Kaspersky Lab NDIS 6 Filter-0000
2021-07-27T23:03:05.315+0300 [DEBUG] [org.gradle.internal.remote.internal.inet.InetAddresses] Is this a loopback interface? false
2021-07-27T23:03:05.315+0300 [DEBUG] [org.gradle.internal.remote.internal.inet.InetAddresses] Adding IP addresses for network interface Realtek PCIe FE Family Controller-VirtualBox NDIS Light-Weight Filter-0000
2021-07-27T23:03:05.320+0300 [DEBUG] [org.gradle.internal.remote.internal.inet.InetAddresses] Is this a loopback interface? false
2021-07-27T23:03:05.321+0300 [DEBUG] [org.gradle.internal.remote.internal.inet.InetAddresses] Adding IP addresses for network interface Realtek PCIe FE Family Controller-QoS Packet Scheduler-0000
2021-07-27T23:03:05.326+0300 [DEBUG] [org.gradle.internal.remote.internal.inet.InetAddresses] Is this a loopback interface? false
2021-07-27T23:03:05.326+0300 [DEBUG] [org.gradle.internal.remote.internal.inet.InetAddresses] Adding IP addresses for network interface Realtek PCIe FE Family Controller-WFP 802.3 MAC Layer LightWeight Filter-0000
2021-07-27T23:03:05.333+0300 [DEBUG] [org.gradle.internal.remote.internal.inet.InetAddresses] Is this a loopback interface? false
2021-07-27T23:03:05.333+0300 [DEBUG] [org.gradle.internal.remote.internal.inet.InetAddresses] Adding IP addresses for network interface TAP-Windows Adapter V9 for OpenVPN Connect-WFP 802.3 MAC Layer LightWeight Filter-0000
2021-07-27T23:03:05.339+0300 [DEBUG] [org.gradle.internal.remote.internal.inet.InetAddresses] Is this a loopback interface? false
2021-07-27T23:03:05.339+0300 [DEBUG] [org.gradle.internal.remote.internal.inet.InetAddresses] Adding IP addresses for network interface Fortinet Virtual Ethernet Adapter (NDIS 6.30)-WFP 802.3 MAC Layer LightWeight Filter-0000
2021-07-27T23:03:05.345+0300 [DEBUG] [org.gradle.internal.remote.internal.inet.InetAddresses] Is this a loopback interface? false
2021-07-27T23:03:05.345+0300 [DEBUG] [org.gradle.internal.remote.internal.inet.InetAddresses] Adding IP addresses for network interface Realtek RTL8723BE 802.11 bgn Wi-Fi Adapter-WFP Native MAC Layer LightWeight Filter-0000
2021-07-27T23:03:05.351+0300 [DEBUG] [org.gradle.internal.remote.internal.inet.InetAddresses] Is this a loopback interface? false
2021-07-27T23:03:05.351+0300 [DEBUG] [org.gradle.internal.remote.internal.inet.InetAddresses] Adding IP addresses for network interface Realtek RTL8723BE 802.11 bgn Wi-Fi Adapter-Virtual WiFi Filter Driver-0000
2021-07-27T23:03:05.357+0300 [DEBUG] [org.gradle.internal.remote.internal.inet.InetAddresses] Is this a loopback interface? false
2021-07-27T23:03:05.357+0300 [DEBUG] [org.gradle.internal.remote.internal.inet.InetAddresses] Adding IP addresses for network interface Realtek RTL8723BE 802.11 bgn Wi-Fi Adapter-Native WiFi Filter Driver-0000
2021-07-27T23:03:05.364+0300 [DEBUG] [org.gradle.internal.remote.internal.inet.InetAddresses] Is this a loopback interface? false
2021-07-27T23:03:05.364+0300 [DEBUG] [org.gradle.internal.remote.internal.inet.InetAddresses] Adding IP addresses for network interface Realtek RTL8723BE 802.11 bgn Wi-Fi Adapter-Fortinet NDIS 6.0 LightWeight Filter-0000
2021-07-27T23:03:05.370+0300 [DEBUG] [org.gradle.internal.remote.internal.inet.InetAddresses] Is this a loopback interface? false
2021-07-27T23:03:05.370+0300 [DEBUG] [org.gradle.internal.remote.internal.inet.InetAddresses] Adding IP addresses for network interface Realtek RTL8723BE 802.11 bgn Wi-Fi Adapter-Kaspersky Lab NDIS 6 Filter-0000
2021-07-27T23:03:05.375+0300 [DEBUG] [org.gradle.internal.remote.internal.inet.InetAddresses] Is this a loopback interface? false
2021-07-27T23:03:05.376+0300 [DEBUG] [org.gradle.internal.remote.internal.inet.InetAddresses] Adding IP addresses for network interface Realtek RTL8723BE 802.11 bgn Wi-Fi Adapter-VirtualBox NDIS Light-Weight Filter-0000
2021-07-27T23:03:05.381+0300 [DEBUG] [org.gradle.internal.remote.internal.inet.InetAddresses] Is this a loopback interface? false
2021-07-27T23:03:05.382+0300 [DEBUG] [org.gradle.internal.remote.internal.inet.InetAddresses] Adding IP addresses for network interface Realtek RTL8723BE 802.11 bgn Wi-Fi Adapter-QoS Packet Scheduler-0000
2021-07-27T23:03:05.387+0300 [DEBUG] [org.gradle.internal.remote.internal.inet.InetAddresses] Is this a loopback interface? false
2021-07-27T23:03:05.388+0300 [DEBUG] [org.gradle.internal.remote.internal.inet.InetAddresses] Adding IP addresses for network interface Realtek RTL8723BE 802.11 bgn Wi-Fi Adapter-WFP 802.3 MAC Layer LightWeight Filter-0000
2021-07-27T23:03:05.393+0300 [DEBUG] [org.gradle.internal.remote.internal.inet.InetAddresses] Is this a loopback interface? false
2021-07-27T23:03:05.393+0300 [DEBUG] [org.gradle.internal.remote.internal.inet.InetAddresses] Adding IP addresses for network interface Microsoft Wi-Fi Direct Virtual Adapter-WFP Native MAC Layer LightWeight Filter-0000
2021-07-27T23:03:05.399+0300 [DEBUG] [org.gradle.internal.remote.internal.inet.InetAddresses] Is this a loopback interface? false
2021-07-27T23:03:05.399+0300 [DEBUG] [org.gradle.internal.remote.internal.inet.InetAddresses] Adding IP addresses for network interface Microsoft Wi-Fi Direct Virtual Adapter-Native WiFi Filter Driver-0000
2021-07-27T23:03:05.406+0300 [DEBUG] [org.gradle.internal.remote.internal.inet.InetAddresses] Is this a loopback interface? false
2021-07-27T23:03:05.406+0300 [DEBUG] [org.gradle.internal.remote.internal.inet.InetAddresses] Adding IP addresses for network interface Microsoft Wi-Fi Direct Virtual Adapter-Fortinet NDIS 6.0 LightWeight Filter-0000
2021-07-27T23:03:05.411+0300 [DEBUG] [org.gradle.internal.remote.internal.inet.InetAddresses] Is this a loopback interface? false
2021-07-27T23:03:05.412+0300 [DEBUG] [org.gradle.internal.remote.internal.inet.InetAddresses] Adding IP addresses for network interface Microsoft Wi-Fi Direct Virtual Adapter-Kaspersky Lab NDIS 6 Filter-0000
2021-07-27T23:03:05.417+0300 [DEBUG] [org.gradle.internal.remote.internal.inet.InetAddresses] Is this a loopback interface? false
2021-07-27T23:03:05.418+0300 [DEBUG] [org.gradle.internal.remote.internal.inet.InetAddresses] Adding IP addresses for network interface Microsoft Wi-Fi Direct Virtual Adapter-VirtualBox NDIS Light-Weight Filter-0000
2021-07-27T23:03:05.423+0300 [DEBUG] [org.gradle.internal.remote.internal.inet.InetAddresses] Is this a loopback interface? false
2021-07-27T23:03:05.424+0300 [DEBUG] [org.gradle.internal.remote.internal.inet.InetAddresses] Adding IP addresses for network interface Microsoft Wi-Fi Direct Virtual Adapter-QoS Packet Scheduler-0000
2021-07-27T23:03:05.429+0300 [DEBUG] [org.gradle.internal.remote.internal.inet.InetAddresses] Is this a loopback interface? false
2021-07-27T23:03:05.429+0300 [DEBUG] [org.gradle.internal.remote.internal.inet.InetAddresses] Adding IP addresses for network interface Microsoft Wi-Fi Direct Virtual Adapter-WFP 802.3 MAC Layer LightWeight Filter-0000
2021-07-27T23:03:05.435+0300 [DEBUG] [org.gradle.internal.remote.internal.inet.InetAddresses] Is this a loopback interface? false
2021-07-27T23:03:05.435+0300 [DEBUG] [org.gradle.internal.remote.internal.inet.InetAddresses] Adding IP addresses for network interface WAN Miniport (IP)-WFP Native MAC Layer LightWeight Filter-0000
2021-07-27T23:03:05.440+0300 [DEBUG] [org.gradle.internal.remote.internal.inet.InetAddresses] Is this a loopback interface? false
2021-07-27T23:03:05.440+0300 [DEBUG] [org.gradle.internal.remote.internal.inet.InetAddresses] Adding IP addresses for network interface WAN Miniport (IP)-Fortinet NDIS 6.0 LightWeight Filter-0000
2021-07-27T23:03:05.446+0300 [DEBUG] [org.gradle.internal.remote.internal.inet.InetAddresses] Is this a loopback interface? false
2021-07-27T23:03:05.446+0300 [DEBUG] [org.gradle.internal.remote.internal.inet.InetAddresses] Adding IP addresses for network interface WAN Miniport (IP)-Kaspersky Lab NDIS 6 Filter-0000
2021-07-27T23:03:05.452+0300 [DEBUG] [org.gradle.internal.remote.internal.inet.InetAddresses] Is this a loopback interface? false
2021-07-27T23:03:05.452+0300 [DEBUG] [org.gradle.internal.remote.internal.inet.InetAddresses] Adding IP addresses for network interface WAN Miniport (IP)-QoS Packet Scheduler-0000
2021-07-27T23:03:05.457+0300 [DEBUG] [org.gradle.internal.remote.internal.inet.InetAddresses] Is this a loopback interface? false
2021-07-27T23:03:05.458+0300 [DEBUG] [org.gradle.internal.remote.internal.inet.InetAddresses] Adding IP addresses for network interface WAN Miniport (IPv6)-WFP Native MAC Layer LightWeight Filter-0000
2021-07-27T23:03:05.463+0300 [DEBUG] [org.gradle.internal.remote.internal.inet.InetAddresses] Is this a loopback interface? false
2021-07-27T23:03:05.463+0300 [DEBUG] [org.gradle.internal.remote.internal.inet.InetAddresses] Adding IP addresses for network interface WAN Miniport (IPv6)-Fortinet NDIS 6.0 LightWeight Filter-0000
2021-07-27T23:03:05.469+0300 [DEBUG] [org.gradle.internal.remote.internal.inet.InetAddresses] Is this a loopback interface? false
2021-07-27T23:03:05.469+0300 [DEBUG] [org.gradle.internal.remote.internal.inet.InetAddresses] Adding IP addresses for network interface WAN Miniport (IPv6)-Kaspersky Lab NDIS 6 Filter-0000
2021-07-27T23:03:05.474+0300 [DEBUG] [org.gradle.internal.remote.internal.inet.InetAddresses] Is this a loopback interface? false
2021-07-27T23:03:05.474+0300 [DEBUG] [org.gradle.internal.remote.internal.inet.InetAddresses] Adding IP addresses for network interface WAN Miniport (IPv6)-QoS Packet Scheduler-0000
2021-07-27T23:03:05.480+0300 [DEBUG] [org.gradle.internal.remote.internal.inet.InetAddresses] Is this a loopback interface? false
2021-07-27T23:03:05.481+0300 [DEBUG] [org.gradle.internal.remote.internal.inet.InetAddresses] Adding IP addresses for network interface WAN Miniport (Network Monitor)-WFP Native MAC Layer LightWeight Filter-0000
2021-07-27T23:03:05.486+0300 [DEBUG] [org.gradle.internal.remote.internal.inet.InetAddresses] Is this a loopback interface? false
2021-07-27T23:03:05.486+0300 [DEBUG] [org.gradle.internal.remote.internal.inet.InetAddresses] Adding IP addresses for network interface WAN Miniport (Network Monitor)-Fortinet NDIS 6.0 LightWeight Filter-0000
2021-07-27T23:03:05.492+0300 [DEBUG] [org.gradle.internal.remote.internal.inet.InetAddresses] Is this a loopback interface? false
2021-07-27T23:03:05.492+0300 [DEBUG] [org.gradle.internal.remote.internal.inet.InetAddresses] Adding IP addresses for network interface WAN Miniport (Network Monitor)-Kaspersky Lab NDIS 6 Filter-0000
2021-07-27T23:03:05.498+0300 [DEBUG] [org.gradle.internal.remote.internal.inet.InetAddresses] Is this a loopback interface? false
2021-07-27T23:03:05.498+0300 [DEBUG] [org.gradle.internal.remote.internal.inet.InetAddresses] Adding IP addresses for network interface WAN Miniport (Network Monitor)-QoS Packet Scheduler-0000
2021-07-27T23:03:05.503+0300 [DEBUG] [org.gradle.internal.remote.internal.inet.InetAddresses] Is this a loopback interface? false
2021-07-27T23:03:05.503+0300 [DEBUG] [org.gradle.internal.remote.internal.inet.InetAddresses] Adding IP addresses for network interface Microsoft Wi-Fi Direct Virtual Adapter #2-WFP Native MAC Layer LightWeight Filter-0000
2021-07-27T23:03:05.509+0300 [DEBUG] [org.gradle.internal.remote.internal.inet.InetAddresses] Is this a loopback interface? false
2021-07-27T23:03:05.509+0300 [DEBUG] [org.gradle.internal.remote.internal.inet.InetAddresses] Adding IP addresses for network interface Microsoft Wi-Fi Direct Virtual Adapter #2-Native WiFi Filter Driver-0000
2021-07-27T23:03:05.515+0300 [DEBUG] [org.gradle.internal.remote.internal.inet.InetAddresses] Is this a loopback interface? false
2021-07-27T23:03:05.515+0300 [DEBUG] [org.gradle.internal.remote.internal.inet.InetAddresses] Adding IP addresses for network interface Microsoft Wi-Fi Direct Virtual Adapter #2-Fortinet NDIS 6.0 LightWeight Filter-0000
2021-07-27T23:03:05.520+0300 [DEBUG] [org.gradle.internal.remote.internal.inet.InetAddresses] Is this a loopback interface? false
2021-07-27T23:03:05.520+0300 [DEBUG] [org.gradle.internal.remote.internal.inet.InetAddresses] Adding IP addresses for network interface Microsoft Wi-Fi Direct Virtual Adapter #2-Kaspersky Lab NDIS 6 Filter-0000
2021-07-27T23:03:05.526+0300 [DEBUG] [org.gradle.internal.remote.internal.inet.InetAddresses] Is this a loopback interface? false
2021-07-27T23:03:05.526+0300 [DEBUG] [org.gradle.internal.remote.internal.inet.InetAddresses] Adding IP addresses for network interface Microsoft Wi-Fi Direct Virtual Adapter #2-VirtualBox NDIS Light-Weight Filter-0000
2021-07-27T23:03:05.532+0300 [DEBUG] [org.gradle.internal.remote.internal.inet.InetAddresses] Is this a loopback interface? false
2021-07-27T23:03:05.532+0300 [DEBUG] [org.gradle.internal.remote.internal.inet.InetAddresses] Adding IP addresses for network interface Microsoft Wi-Fi Direct Virtual Adapter #2-QoS Packet Scheduler-0000
2021-07-27T23:03:05.538+0300 [DEBUG] [org.gradle.internal.remote.internal.inet.InetAddresses] Is this a loopback interface? false
2021-07-27T23:03:05.538+0300 [DEBUG] [org.gradle.internal.remote.internal.inet.InetAddresses] Adding IP addresses for network interface Microsoft Wi-Fi Direct Virtual Adapter #2-WFP 802.3 MAC Layer LightWeight Filter-0000
2021-07-27T23:03:05.545+0300 [DEBUG] [org.gradle.internal.remote.internal.inet.InetAddresses] Is this a loopback interface? false
2021-07-27T23:03:05.546+0300 [DEBUG] [org.gradle.internal.remote.internal.inet.InetAddresses] Adding IP addresses for network interface Fortinet SSL VPN Virtual Ethernet Adapter-WFP Native MAC Layer LightWeight Filter-0000
2021-07-27T23:03:05.552+0300 [DEBUG] [org.gradle.internal.remote.internal.inet.InetAddresses] Is this a loopback interface? false
2021-07-27T23:03:05.552+0300 [DEBUG] [org.gradle.internal.remote.internal.inet.InetAddresses] Adding IP addresses for network interface Fortinet SSL VPN Virtual Ethernet Adapter-Fortinet NDIS 6.0 LightWeight Filter-0000
2021-07-27T23:03:05.557+0300 [DEBUG] [org.gradle.internal.remote.internal.inet.InetAddresses] Is this a loopback interface? false
2021-07-27T23:03:05.558+0300 [DEBUG] [org.gradle.internal.remote.internal.inet.InetAddresses] Adding IP addresses for network interface Fortinet SSL VPN Virtual Ethernet Adapter-Kaspersky Lab NDIS 6 Filter-0000
2021-07-27T23:03:05.563+0300 [DEBUG] [org.gradle.internal.remote.internal.inet.InetAddresses] Is this a loopback interface? false
2021-07-27T23:03:05.564+0300 [DEBUG] [org.gradle.internal.remote.internal.inet.InetAddresses] Adding IP addresses for network interface Fortinet SSL VPN Virtual Ethernet Adapter-VirtualBox NDIS Light-Weight Filter-0000
2021-07-27T23:03:05.569+0300 [DEBUG] [org.gradle.internal.remote.internal.inet.InetAddresses] Is this a loopback interface? false
2021-07-27T23:03:05.570+0300 [DEBUG] [org.gradle.internal.remote.internal.inet.InetAddresses] Adding IP addresses for network interface Fortinet SSL VPN Virtual Ethernet Adapter-QoS Packet Scheduler-0000
2021-07-27T23:03:05.575+0300 [DEBUG] [org.gradle.internal.remote.internal.inet.InetAddresses] Is this a loopback interface? false
2021-07-27T23:03:05.575+0300 [DEBUG] [org.gradle.internal.remote.internal.inet.InetAddresses] Adding IP addresses for network interface Fortinet SSL VPN Virtual Ethernet Adapter-WFP 802.3 MAC Layer LightWeight Filter-0000
2021-07-27T23:03:05.581+0300 [DEBUG] [org.gradle.internal.remote.internal.inet.InetAddresses] Is this a loopback interface? false
2021-07-27T23:03:05.641+0300 [DEBUG] [org.gradle.internal.remote.internal.inet.TcpIncomingConnector] Listening on [6f3a2225-3100-4fe8-83d8-9deda6feb82f port:56222, addresses:[localhost/127.0.0.1]].
2021-07-27T23:03:05.656+0300 [DEBUG] [org.gradle.launcher.daemon.server.Daemon] Daemon starting at: Tue Jul 27 23:03:05 MSK 2021, with address: [6f3a2225-3100-4fe8-83d8-9deda6feb82f port:56222, addresses:[localhost/127.0.0.1]]
2021-07-27T23:03:05.656+0300 [INFO] [org.gradle.launcher.daemon.server.DaemonRegistryUpdater] Advertising the daemon address to the clients: [6f3a2225-3100-4fe8-83d8-9deda6feb82f port:56222, addresses:[localhost/127.0.0.1]]
2021-07-27T23:03:05.656+0300 [DEBUG] [org.gradle.launcher.daemon.server.DaemonRegistryUpdater] Advertised daemon context: DefaultDaemonContext[uid=74474b69-35e2-4040-bff3-ed4beffd5387,javaHome=D:\Inna\Documents\JavaCourse\Programs\openjdk-8u282-b08,daemonRegistryDir=D:\Inna\Documents\JavaCourseProf\3\toll-2017-gradle\daemon,pid=4020,idleTimeout=10800000,priority=NORMAL,daemonOpts=-XX:MaxMetaspaceSize=256m,-XX:+HeapDumpOnOutOfMemoryError,-Xms256m,-Xmx512m,-Dfile.encoding=UTF-8,-Duser.country=RU,-Duser.language=ru,-Duser.variant]
2021-07-27T23:03:05.658+0300 [DEBUG] [org.gradle.launcher.daemon.registry.PersistentDaemonRegistry] Storing daemon address: [6f3a2225-3100-4fe8-83d8-9deda6feb82f port:56222, addresses:[localhost/127.0.0.1]], context: DefaultDaemonContext[uid=74474b69-35e2-4040-bff3-ed4beffd5387,javaHome=D:\Inna\Documents\JavaCourse\Programs\openjdk-8u282-b08,daemonRegistryDir=D:\Inna\Documents\JavaCourseProf\3\toll-2017-gradle\daemon,pid=4020,idleTimeout=10800000,priority=NORMAL,daemonOpts=-XX:MaxMetaspaceSize=256m,-XX:+HeapDumpOnOutOfMemoryError,-Xms256m,-Xmx512m,-Dfile.encoding=UTF-8,-Duser.country=RU,-Duser.language=ru,-Duser.variant]
2021-07-27T23:03:05.674+0300 [DEBUG] [org.gradle.cache.internal.DefaultFileLockManager] Waiting to acquire exclusive lock on daemon addresses registry.
2021-07-27T23:03:05.677+0300 [DEBUG] [org.gradle.cache.internal.DefaultFileLockManager] Lock acquired on daemon addresses registry.
2021-07-27T23:03:05.687+0300 [DEBUG] [org.gradle.cache.internal.DefaultFileLockManager] Releasing lock on daemon addresses registry.
2021-07-27T23:03:05.687+0300 [LIFECYCLE] [org.gradle.launcher.daemon.server.Daemon] Daemon server started.
2021-07-27T23:03:05.689+0300 [DEBUG] [org.gradle.launcher.daemon.bootstrap.DaemonStartupCommunication] Completed writing the daemon greeting. Closing streams...
2021-07-27T23:03:05.764+0300 [DEBUG] [org.gradle.internal.remote.internal.inet.TcpIncomingConnector] Accepted connection from /127.0.0.1:56223 to /127.0.0.1:56222.
2021-07-27T23:03:05.765+0300 [DEBUG] [org.gradle.launcher.daemon.server.Daemon] stopOnExpiration() called on daemon
2021-07-27T23:03:05.767+0300 [DEBUG] [org.gradle.launcher.daemon.server.Daemon] awaitExpiration() called on daemon
2021-07-27T23:03:05.767+0300 [DEBUG] [org.gradle.launcher.daemon.server.DaemonStateCoordinator] daemon is running. Sleeping until state changes.
2021-07-27T23:03:06.073+0300 [DEBUG] [org.gradle.launcher.daemon.server.SynchronizedDispatchConnection] thread 17: received class org.gradle.launcher.daemon.protocol.Build
2021-07-27T23:03:06.073+0300 [DEBUG] [org.gradle.launcher.daemon.server.DefaultDaemonConnection] thread 17: Received non-IO message from client: Build{id=e964951d-24c8-4704-9a7d-53dbfb7cbb96, currentDir=D:\Inna\Documents\JavaCourseProf\3\toll-2017-gradle}
2021-07-27T23:03:06.073+0300 [INFO] [org.gradle.launcher.daemon.server.DefaultIncomingConnectionHandler] Received command: Build{id=e964951d-24c8-4704-9a7d-53dbfb7cbb96, currentDir=D:\Inna\Documents\JavaCourseProf\3\toll-2017-gradle}.
2021-07-27T23:03:06.074+0300 [DEBUG] [org.gradle.launcher.daemon.server.DefaultIncomingConnectionHandler] Starting executing command: Build{id=e964951d-24c8-4704-9a7d-53dbfb7cbb96, currentDir=D:\Inna\Documents\JavaCourseProf\3\toll-2017-gradle} with connection: socket connection from /127.0.0.1:56222 to /127.0.0.1:56223.
2021-07-27T23:03:06.078+0300 [ERROR] [org.gradle.launcher.daemon.server.DaemonStateCoordinator] Command execution: started DaemonCommandExecution[command = Build{id=e964951d-24c8-4704-9a7d-53dbfb7cbb96, currentDir=D:\Inna\Documents\JavaCourseProf\3\toll-2017-gradle}, connection = DefaultDaemonConnection: socket connection from /127.0.0.1:56222 to /127.0.0.1:56223] after 0.0 minutes of idle
2021-07-27T23:03:06.078+0300 [INFO] [org.gradle.launcher.daemon.server.DaemonRegistryUpdater] Marking the daemon as busy, address: [6f3a2225-3100-4fe8-83d8-9deda6feb82f port:56222, addresses:[localhost/127.0.0.1]]
2021-07-27T23:03:06.078+0300 [DEBUG] [org.gradle.launcher.daemon.registry.PersistentDaemonRegistry] Marking busy by address: [6f3a2225-3100-4fe8-83d8-9deda6feb82f port:56222, addresses:[localhost/127.0.0.1]]
2021-07-27T23:03:06.079+0300 [DEBUG] [org.gradle.cache.internal.DefaultFileLockManager] Waiting to acquire exclusive lock on daemon addresses registry.
2021-07-27T23:03:06.080+0300 [DEBUG] [org.gradle.cache.internal.DefaultFileLockManager] Lock acquired on daemon addresses registry.
2021-07-27T23:03:06.091+0300 [DEBUG] [org.gradle.cache.internal.DefaultFileLockManager] Releasing lock on daemon addresses registry.
2021-07-27T23:03:06.091+0300 [DEBUG] [org.gradle.launcher.daemon.server.DaemonStateCoordinator] resetting idle timer
2021-07-27T23:03:06.092+0300 [DEBUG] [org.gradle.launcher.daemon.server.DaemonStateCoordinator] daemon is running. Sleeping until state changes.
2021-07-27T23:03:06.095+0300 [INFO] [org.gradle.launcher.daemon.server.exec.StartBuildOrRespondWithBusy] Daemon is about to start building Build{id=e964951d-24c8-4704-9a7d-53dbfb7cbb96, currentDir=D:\Inna\Documents\JavaCourseProf\3\toll-2017-gradle}. Dispatching build started information...
2021-07-27T23:03:06.095+0300 [DEBUG] [org.gradle.launcher.daemon.server.SynchronizedDispatchConnection] thread 19: dispatching org.gradle.launcher.daemon.protocol.BuildStarted@210c3f2f
2021-07-27T23:03:06.097+0300 [DEBUG] [org.gradle.launcher.daemon.server.SynchronizedDispatchConnection] thread 17: received class org.gradle.launcher.daemon.protocol.CloseInput
2021-07-27T23:03:06.097+0300 [DEBUG] [org.gradle.launcher.daemon.server.DefaultDaemonConnection] thread 17: Received IO message from client: org.gradle.launcher.daemon.protocol.CloseInput@132d53d2
2021-07-27T23:03:06.098+0300 [DEBUG] [org.gradle.launcher.daemon.server.exec.EstablishBuildEnvironment] Configuring env variables: [USERDOMAIN_ROAMINGPROFILE, LOCALAPPDATA, PROCESSOR_LEVEL, RegionCode, USERDOMAIN, LOGONSERVER, FPS_BROWSER_APP_PROFILE_STRING, JAVA_HOME, SESSIONNAME, ALLUSERSPROFILE, PROCESSOR_ARCHITECTURE, PSModulePath, SystemDrive, OneDrive, APPDATA, USERNAME, ProgramFiles(x86), VBOX_MSI_INSTALL_PATH, CommonProgramFiles, Path, FPS_BROWSER_USER_PROFILE_STRING, PATHEXT, DriverData, OS, COMPUTERNAME, OnlineServices, PROCESSOR_REVISION, platformcode, CommonProgramW6432, ComSpec, ProgramData, ProgramW6432, TEMP, HOMEPATH, SystemRoot, PROCESSOR_IDENTIFIER, HOMEDRIVE, USERPROFILE, TMP, CommonProgramFiles(x86), ProgramFiles, PUBLIC, windir, NUMBER_OF_PROCESSORS, =::, IDEA_INITIAL_DIRECTORY]
2021-07-27T23:03:06.108+0300 [DEBUG] [org.gradle.launcher.daemon.server.exec.LogToClient] About to start relaying all logs to the client via the connection.
2021-07-27T23:03:06.109+0300 [INFO] [org.gradle.launcher.daemon.server.exec.LogToClient] The client will now receive all logging from the daemon (pid: 4020). The daemon log file: D:\Inna\Documents\JavaCourseProf\3\toll-2017-gradle\daemon\6.8\daemon-4020.out.log
2021-07-27T23:03:06.132+0300 [INFO] [org.gradle.launcher.daemon.server.exec.LogAndCheckHealth] Starting build in new daemon [memory: 455.5 MiB]
2021-07-27T23:03:06.138+0300 [INFO] [org.gradle.launcher.daemon.server.exec.ForwardClientInput] Closing daemon's stdin at end of input.
2021-07-27T23:03:06.138+0300 [INFO] [org.gradle.launcher.daemon.server.exec.ForwardClientInput] The daemon will no longer process any standard input.
2021-07-27T23:03:06.142+0300 [DEBUG] [org.gradle.launcher.daemon.server.exec.ExecuteBuild] The daemon has started executing the build.
2021-07-27T23:03:06.142+0300 [DEBUG] [org.gradle.launcher.daemon.server.exec.ExecuteBuild] Executing build with daemon context: DefaultDaemonContext[uid=74474b69-35e2-4040-bff3-ed4beffd5387,javaHome=D:\Inna\Documents\JavaCourse\Programs\openjdk-8u282-b08,daemonRegistryDir=D:\Inna\Documents\JavaCourseProf\3\toll-2017-gradle\daemon,pid=4020,idleTimeout=10800000,priority=NORMAL,daemonOpts=-XX:MaxMetaspaceSize=256m,-XX:+HeapDumpOnOutOfMemoryError,-Xms256m,-Xmx512m,-Dfile.encoding=UTF-8,-Duser.country=RU,-Duser.language=ru,-Duser.variant]

Deprecated Gradle features were used in this build, making it incompatible with Gradle 7.0.
Use '--warning-mode all' to show the individual deprecation warnings.
See https://docs.gradle.org/6.8/userguide/command_line_interface.html#sec:command_line_warnings

BUILD SUCCESSFUL in 18s
2021-07-27T23:03:17.153+0300 [DEBUG] [org.gradle.launcher.daemon.server.exec.ExecuteBuild] The daemon has finished executing the build.
2021-07-27T23:03:17.169+0300 [DEBUG] [org.gradle.launcher.daemon.server.DaemonStateCoordinator] daemon is running. Sleeping until state changes.
2021-07-27T23:03:17.169+0300 [DEBUG] [org.gradle.launcher.daemon.server.DaemonStateCoordinator] Command execution: finished waiting for DaemonCommandExecution[command = Build{id=e964951d-24c8-4704-9a7d-53dbfb7cbb96, currentDir=D:\Inna\Documents\JavaCourseProf\3\toll-2017-gradle}, connection = DefaultDaemonConnection: socket connection from /127.0.0.1:56222 to /127.0.0.1:56223]. Result org.gradle.launcher.daemon.server.DaemonStateCoordinator@435e2106 with state Busy
2021-07-27T23:03:17.170+0300 [DEBUG] [org.gradle.launcher.daemon.server.DaemonStateCoordinator] Command execution: completed DaemonCommandExecution[command = Build{id=e964951d-24c8-4704-9a7d-53dbfb7cbb96, currentDir=D:\Inna\Documents\JavaCourseProf\3\toll-2017-gradle}, connection = DefaultDaemonConnection: socket connection from /127.0.0.1:56222 to /127.0.0.1:56223]
2021-07-27T23:03:17.170+0300 [DEBUG] [org.gradle.launcher.daemon.server.DaemonStateCoordinator] resetting idle timer
2021-07-27T23:03:17.170+0300 [INFO] [org.gradle.launcher.daemon.server.DaemonRegistryUpdater] Marking the daemon as idle, address: [6f3a2225-3100-4fe8-83d8-9deda6feb82f port:56222, addresses:[localhost/127.0.0.1]]
2021-07-27T23:03:17.170+0300 [DEBUG] [org.gradle.launcher.daemon.registry.PersistentDaemonRegistry] Marking busy by address: [6f3a2225-3100-4fe8-83d8-9deda6feb82f port:56222, addresses:[localhost/127.0.0.1]]
2021-07-27T23:03:17.172+0300 [DEBUG] [org.gradle.cache.internal.DefaultFileLockManager] Waiting to acquire exclusive lock on daemon addresses registry.
2021-07-27T23:03:17.172+0300 [DEBUG] [org.gradle.cache.internal.DefaultFileLockManager] Lock acquired on daemon addresses registry.
2021-07-27T23:03:17.174+0300 [DEBUG] [org.gradle.cache.internal.DefaultFileLockManager] Releasing lock on daemon addresses registry.
2021-07-27T23:03:17.175+0300 [DEBUG] [org.gradle.launcher.daemon.server.DaemonStateCoordinator] daemon is running. Sleeping until state changes.
2021-07-27T23:03:17.176+0300 [DEBUG] [org.gradle.launcher.daemon.server.exec.ReturnResult] Daemon is dispatching the build result: Success[value=org.gradle.launcher.exec.BuildActionResult@7904f143]
2021-07-27T23:03:17.176+0300 [DEBUG] [org.gradle.launcher.daemon.server.SynchronizedDispatchConnection] thread 16: dispatching Success[value=org.gradle.launcher.exec.BuildActionResult@7904f143]
2021-07-27T23:03:17.181+0300 [DEBUG] [org.gradle.launcher.daemon.server.SynchronizedDispatchConnection] thread 17: received class org.gradle.launcher.daemon.protocol.Finished
2021-07-27T23:03:17.185+0300 [DEBUG] [org.gradle.launcher.daemon.server.DefaultDaemonConnection] thread 17: Received non-IO message from client: org.gradle.launcher.daemon.protocol.Finished@71868e88
2021-07-27T23:03:17.187+0300 [DEBUG] [org.gradle.internal.remote.internal.inet.SocketConnection] Discarding EOFException: java.io.EOFException
2021-07-27T23:03:17.188+0300 [DEBUG] [org.gradle.launcher.daemon.server.SynchronizedDispatchConnection] thread 17: received null
2021-07-27T23:03:17.189+0300 [DEBUG] [org.gradle.launcher.daemon.server.DefaultDaemonConnection] thread 17: Received end-of-input from client.
2021-07-27T23:03:17.197+0300 [DEBUG] [org.gradle.launcher.daemon.server.DefaultIncomingConnectionHandler] Finishing executing command: Build{id=e964951d-24c8-4704-9a7d-53dbfb7cbb96, currentDir=D:\Inna\Documents\JavaCourseProf\3\toll-2017-gradle}
2021-07-27T23:03:17.197+0300 [DEBUG] [org.gradle.launcher.daemon.server.DefaultIncomingConnectionHandler] Received finished message: null
2021-07-27T23:03:17.251+0300 [DEBUG] [org.gradle.launcher.daemon.server.SynchronizedDispatchConnection] thread 16: stopping connection
2021-07-27T23:03:17.255+0300 [DEBUG] [org.gradle.launcher.daemon.server.SynchronizedDispatchConnection] thread 16: stopping connection
2021-07-27T23:03:18.866+0300 [DEBUG] [org.gradle.process.internal.health.memory.DefaultMemoryManager] 1276454912 memory requested, 828170240 free
2021-07-27T23:03:18.867+0300 [DEBUG] [org.gradle.workers.internal.WorkerDaemonExpiration] Will attempt to release 1217 of memory
2021-07-27T23:03:18.868+0300 [DEBUG] [org.gradle.process.internal.health.memory.DefaultMemoryManager] 1276454912 memory requested, 0 released, 828170240 free
2021-07-27T23:03:23.871+0300 [DEBUG] [org.gradle.process.internal.health.memory.DefaultMemoryManager] 1276454912 memory requested, 788721664 free
2021-07-27T23:03:23.871+0300 [DEBUG] [org.gradle.workers.internal.WorkerDaemonExpiration] Will attempt to release 1217 of memory
2021-07-27T23:03:23.872+0300 [DEBUG] [org.gradle.process.internal.health.memory.DefaultMemoryManager] 1276454912 memory requested, 0 released, 788721664 free
2021-07-27T23:03:25.767+0300 [DEBUG] [org.gradle.cache.internal.DefaultFileLockManager] Waiting to acquire shared lock on daemon addresses registry.
2021-07-27T23:03:25.767+0300 [DEBUG] [org.gradle.cache.internal.DefaultFileLockManager] Lock acquired on daemon addresses registry.
2021-07-27T23:03:25.768+0300 [DEBUG] [org.gradle.cache.internal.DefaultFileLockManager] Releasing lock on daemon addresses registry.
2021-07-27T23:03:25.769+0300 [DEBUG] [org.gradle.cache.internal.DefaultFileLockManager] Waiting to acquire shared lock on daemon addresses registry.
2021-07-27T23:03:25.770+0300 [DEBUG] [org.gradle.cache.internal.DefaultFileLockManager] Lock acquired on daemon addresses registry.
2021-07-27T23:03:25.770+0300 [DEBUG] [org.gradle.cache.internal.DefaultFileLockManager] Releasing lock on daemon addresses registry.
2021-07-27T23:03:28.869+0300 [DEBUG] [org.gradle.process.internal.health.memory.DefaultMemoryManager] 1276454912 memory requested, 826257408 free
2021-07-27T23:03:28.869+0300 [DEBUG] [org.gradle.workers.internal.WorkerDaemonExpiration] Will attempt to release 1217 of memory
2021-07-27T23:03:28.869+0300 [DEBUG] [org.gradle.process.internal.health.memory.DefaultMemoryManager] 1276454912 memory requested, 0 released, 826257408 free
2021-07-27T23:03:32.589+0300 [DEBUG] [org.gradle.internal.remote.internal.inet.TcpIncomingConnector] Accepted connection from /127.0.0.1:60094 to /127.0.0.1:56222.
2021-07-27T23:03:32.596+0300 [DEBUG] [org.gradle.launcher.daemon.server.SynchronizedDispatchConnection] thread 52: received class org.gradle.launcher.daemon.protocol.Build
2021-07-27T23:03:32.596+0300 [DEBUG] [org.gradle.launcher.daemon.server.DefaultDaemonConnection] thread 52: Received non-IO message from client: Build{id=55d4d29c-ccb0-46a6-82e6-6c8dd9ff3805, currentDir=D:\Inna\Documents\JavaCourseProf\3\toll-2017-gradle}
2021-07-27T23:03:32.596+0300 [INFO] [org.gradle.launcher.daemon.server.DefaultIncomingConnectionHandler] Received command: Build{id=55d4d29c-ccb0-46a6-82e6-6c8dd9ff3805, currentDir=D:\Inna\Documents\JavaCourseProf\3\toll-2017-gradle}.
2021-07-27T23:03:32.597+0300 [DEBUG] [org.gradle.launcher.daemon.server.DefaultIncomingConnectionHandler] Starting executing command: Build{id=55d4d29c-ccb0-46a6-82e6-6c8dd9ff3805, currentDir=D:\Inna\Documents\JavaCourseProf\3\toll-2017-gradle} with connection: socket connection from /127.0.0.1:56222 to /127.0.0.1:60094.
2021-07-27T23:03:32.600+0300 [ERROR] [org.gradle.launcher.daemon.server.DaemonStateCoordinator] Command execution: started DaemonCommandExecution[command = Build{id=55d4d29c-ccb0-46a6-82e6-6c8dd9ff3805, currentDir=D:\Inna\Documents\JavaCourseProf\3\toll-2017-gradle}, connection = DefaultDaemonConnection: socket connection from /127.0.0.1:56222 to /127.0.0.1:60094] after 0.0 minutes of idle
2021-07-27T23:03:32.600+0300 [INFO] [org.gradle.launcher.daemon.server.DaemonRegistryUpdater] Marking the daemon as busy, address: [6f3a2225-3100-4fe8-83d8-9deda6feb82f port:56222, addresses:[localhost/127.0.0.1]]
2021-07-27T23:03:32.600+0300 [DEBUG] [org.gradle.launcher.daemon.registry.PersistentDaemonRegistry] Marking busy by address: [6f3a2225-3100-4fe8-83d8-9deda6feb82f port:56222, addresses:[localhost/127.0.0.1]]
2021-07-27T23:03:32.600+0300 [DEBUG] [org.gradle.cache.internal.DefaultFileLockManager] Waiting to acquire exclusive lock on daemon addresses registry.
2021-07-27T23:03:32.601+0300 [DEBUG] [org.gradle.cache.internal.DefaultFileLockManager] Lock acquired on daemon addresses registry.
2021-07-27T23:03:32.602+0300 [DEBUG] [org.gradle.cache.internal.DefaultFileLockManager] Releasing lock on daemon addresses registry.
2021-07-27T23:03:32.603+0300 [DEBUG] [org.gradle.launcher.daemon.server.DaemonStateCoordinator] resetting idle timer
2021-07-27T23:03:32.603+0300 [DEBUG] [org.gradle.launcher.daemon.server.DaemonStateCoordinator] daemon is running. Sleeping until state changes.
2021-07-27T23:03:32.603+0300 [INFO] [org.gradle.launcher.daemon.server.exec.StartBuildOrRespondWithBusy] Daemon is about to start building Build{id=55d4d29c-ccb0-46a6-82e6-6c8dd9ff3805, currentDir=D:\Inna\Documents\JavaCourseProf\3\toll-2017-gradle}. Dispatching build started information...
2021-07-27T23:03:32.603+0300 [DEBUG] [org.gradle.launcher.daemon.server.SynchronizedDispatchConnection] thread 19: dispatching org.gradle.launcher.daemon.protocol.BuildStarted@6e7d7716
2021-07-27T23:03:32.604+0300 [DEBUG] [org.gradle.launcher.daemon.server.exec.EstablishBuildEnvironment] Configuring env variables: [USERDOMAIN_ROAMINGPROFILE, LOCALAPPDATA, PROCESSOR_LEVEL, RegionCode, USERDOMAIN, LOGONSERVER, FPS_BROWSER_APP_PROFILE_STRING, JAVA_HOME, SESSIONNAME, ALLUSERSPROFILE, PROCESSOR_ARCHITECTURE, PSModulePath, SystemDrive, OneDrive, APPDATA, USERNAME, ProgramFiles(x86), VBOX_MSI_INSTALL_PATH, CommonProgramFiles, Path, FPS_BROWSER_USER_PROFILE_STRING, PATHEXT, DriverData, OS, COMPUTERNAME, OnlineServices, PROCESSOR_REVISION, platformcode, CommonProgramW6432, ComSpec, ProgramData, ProgramW6432, TEMP, HOMEPATH, SystemRoot, PROCESSOR_IDENTIFIER, HOMEDRIVE, USERPROFILE, TMP, CommonProgramFiles(x86), ProgramFiles, PUBLIC, windir, NUMBER_OF_PROCESSORS, =::, IDEA_INITIAL_DIRECTORY]
2021-07-27T23:03:32.606+0300 [DEBUG] [org.gradle.launcher.daemon.server.exec.LogToClient] About to start relaying all logs to the client via the connection.
2021-07-27T23:03:32.606+0300 [INFO] [org.gradle.launcher.daemon.server.exec.LogToClient] The client will now receive all logging from the daemon (pid: 4020). The daemon log file: D:\Inna\Documents\JavaCourseProf\3\toll-2017-gradle\daemon\6.8\daemon-4020.out.log
2021-07-27T23:03:32.610+0300 [INFO] [org.gradle.launcher.daemon.server.exec.LogAndCheckHealth] Starting 2nd build in daemon [uptime: 30.454 secs, performance: 98%, non-heap usage: 19% of 256 MiB]
2021-07-27T23:03:32.612+0300 [DEBUG] [org.gradle.launcher.daemon.server.exec.ExecuteBuild] The daemon has started executing the build.
2021-07-27T23:03:32.612+0300 [DEBUG] [org.gradle.launcher.daemon.server.exec.ExecuteBuild] Executing build with daemon context: DefaultDaemonContext[uid=74474b69-35e2-4040-bff3-ed4beffd5387,javaHome=D:\Inna\Documents\JavaCourse\Programs\openjdk-8u282-b08,daemonRegistryDir=D:\Inna\Documents\JavaCourseProf\3\toll-2017-gradle\daemon,pid=4020,idleTimeout=10800000,priority=NORMAL,daemonOpts=-XX:MaxMetaspaceSize=256m,-XX:+HeapDumpOnOutOfMemoryError,-Xms256m,-Xmx512m,-Dfile.encoding=UTF-8,-Duser.country=RU,-Duser.language=ru,-Duser.variant]
<ijLog><event type='reportLocation' testReport='D:\Inna\Documents\JavaCourseProf\3\toll-2017-gradle\common\build\reports\tests\test\index.html' /></ijLog>
<ijLog><event type='beforeSuite'><ijLogEol/>  <test id=':common:test' parentId=''><ijLogEol/>    <descriptor name='Gradle Test Run :common:test' className='' /><ijLogEol/>  </test><ijLogEol/></event></ijLog>
Error occurred during initialization of VM
java.lang.InternalError: Could not create SecurityManager: worker.org.gradle.process.internal.worker.child.BootstrapSecurityManager
	at sun.misc.Launcher.<init>(Launcher.java:106)
	at sun.misc.Launcher.<clinit>(Launcher.java:54)
	at java.lang.ClassLoader.initSystemClassLoader(ClassLoader.java:1444)
	at java.lang.ClassLoader.getSystemClassLoader(ClassLoader.java:1429)

Could not write standard input to Gradle Test Executor 1.
java.io.IOException:   
	at java.io.FileOutputStream.writeBytes(Native Method)
	at java.io.FileOutputStream.write(FileOutputStream.java:326)
	at java.io.BufferedOutputStream.flushBuffer(BufferedOutputStream.java:82)
	at java.io.BufferedOutputStream.flush(BufferedOutputStream.java:140)
	at org.gradle.process.internal.streams.ExecOutputHandleRunner.forwardContent(ExecOutputHandleRunner.java:68)
	at org.gradle.process.internal.streams.ExecOutputHandleRunner.run(ExecOutputHandleRunner.java:53)
	at org.gradle.internal.concurrent.ExecutorPolicy$CatchAndRecordFailures.onExecute(ExecutorPolicy.java:64)
	at org.gradle.internal.concurrent.ManagedExecutorImpl$1.run(ManagedExecutorImpl.java:48)
	at java.util.concurrent.ThreadPoolExecutor.runWorker(ThreadPoolExecutor.java:1149)
	at java.util.concurrent.ThreadPoolExecutor$Worker.run(ThreadPoolExecutor.java:624)
	at org.gradle.internal.concurrent.ThreadFactoryImpl$ManagedThreadRunnable.run(ThreadFactoryImpl.java:56)
	at java.lang.Thread.run(Thread.java:748)
<ijLog><event type='afterSuite'><ijLogEol/>  <test id=':common:test' parentId=''><ijLogEol/>    <descriptor name='Gradle Test Run :common:test' className='' /><ijLogEol/>    <result resultType='SUCCESS' startTime='1627416215528' endTime='1627416216140'><ijLogEol/>      <failureType>error</failureType><ijLogEol/>    </result><ijLogEol/>  </test><ijLogEol/></event></ijLog>

FAILURE: Build failed with an exception.

* What went wrong:
Execution failed for task ':common:test'.
> Process 'Gradle Test Executor 1' finished with non-zero exit value 1

* Try:
Run with --stacktrace option to get the stack trace. Run with --info or --debug option to get more log output. Run with --scan to get full insights.

* Get more help at https://help.gradle.org

Deprecated Gradle features were used in this build, making it incompatible with Gradle 7.0.
Use '--warning-mode all' to show the individual deprecation warnings.
See https://docs.gradle.org/6.8/userguide/command_line_interface.html#sec:command_line_warnings

BUILD FAILED in 3s
3 actionable tasks: 3 executed
2021-07-27T23:03:36.272+0300 [DEBUG] [org.gradle.launcher.daemon.server.exec.ExecuteBuild] The daemon has finished executing the build.
2021-07-27T23:03:36.297+0300 [DEBUG] [org.gradle.launcher.daemon.server.DaemonStateCoordinator] daemon is running. Sleeping until state changes.
2021-07-27T23:03:36.305+0300 [DEBUG] [org.gradle.launcher.daemon.server.DaemonStateCoordinator] Command execution: finished waiting for DaemonCommandExecution[command = Build{id=55d4d29c-ccb0-46a6-82e6-6c8dd9ff3805, currentDir=D:\Inna\Documents\JavaCourseProf\3\toll-2017-gradle}, connection = DefaultDaemonConnection: socket connection from /127.0.0.1:56222 to /127.0.0.1:60094]. Result org.gradle.launcher.daemon.server.DaemonStateCoordinator@435e2106 with state Busy
2021-07-27T23:03:36.306+0300 [DEBUG] [org.gradle.launcher.daemon.server.DaemonStateCoordinator] Command execution: completed DaemonCommandExecution[command = Build{id=55d4d29c-ccb0-46a6-82e6-6c8dd9ff3805, currentDir=D:\Inna\Documents\JavaCourseProf\3\toll-2017-gradle}, connection = DefaultDaemonConnection: socket connection from /127.0.0.1:56222 to /127.0.0.1:60094]
2021-07-27T23:03:36.306+0300 [DEBUG] [org.gradle.launcher.daemon.server.DaemonStateCoordinator] resetting idle timer
2021-07-27T23:03:36.306+0300 [INFO] [org.gradle.launcher.daemon.server.DaemonRegistryUpdater] Marking the daemon as idle, address: [6f3a2225-3100-4fe8-83d8-9deda6feb82f port:56222, addresses:[localhost/127.0.0.1]]
2021-07-27T23:03:36.306+0300 [DEBUG] [org.gradle.launcher.daemon.registry.PersistentDaemonRegistry] Marking busy by address: [6f3a2225-3100-4fe8-83d8-9deda6feb82f port:56222, addresses:[localhost/127.0.0.1]]
2021-07-27T23:03:36.308+0300 [DEBUG] [org.gradle.cache.internal.DefaultFileLockManager] Waiting to acquire exclusive lock on daemon addresses registry.
2021-07-27T23:03:36.309+0300 [DEBUG] [org.gradle.cache.internal.DefaultFileLockManager] Lock acquired on daemon addresses registry.
2021-07-27T23:03:36.312+0300 [DEBUG] [org.gradle.cache.internal.DefaultFileLockManager] Releasing lock on daemon addresses registry.
2021-07-27T23:03:36.313+0300 [DEBUG] [org.gradle.launcher.daemon.server.DaemonStateCoordinator] daemon is running. Sleeping until state changes.
2021-07-27T23:03:36.313+0300 [DEBUG] [org.gradle.launcher.daemon.server.exec.ReturnResult] Daemon is dispatching the build result: Success[value=org.gradle.launcher.exec.BuildActionResult@5a84066b]
2021-07-27T23:03:36.313+0300 [DEBUG] [org.gradle.launcher.daemon.server.SynchronizedDispatchConnection] thread 16: dispatching Success[value=org.gradle.launcher.exec.BuildActionResult@5a84066b]
2021-07-27T23:03:36.319+0300 [DEBUG] [org.gradle.launcher.daemon.server.SynchronizedDispatchConnection] thread 52: received class org.gradle.launcher.daemon.protocol.CloseInput
2021-07-27T23:03:36.319+0300 [DEBUG] [org.gradle.launcher.daemon.server.DefaultDaemonConnection] thread 52: Received IO message from client: org.gradle.launcher.daemon.protocol.CloseInput@12848bf7
2021-07-27T23:03:36.319+0300 [DEBUG] [org.gradle.launcher.daemon.server.SynchronizedDispatchConnection] thread 52: received class org.gradle.launcher.daemon.protocol.Finished
2021-07-27T23:03:36.319+0300 [DEBUG] [org.gradle.launcher.daemon.server.DefaultDaemonConnection] thread 52: Received non-IO message from client: org.gradle.launcher.daemon.protocol.Finished@578607c3
2021-07-27T23:03:36.320+0300 [DEBUG] [org.gradle.internal.remote.internal.inet.SocketConnection] Discarding EOFException: java.io.EOFException
2021-07-27T23:03:36.320+0300 [DEBUG] [org.gradle.launcher.daemon.server.SynchronizedDispatchConnection] thread 52: received null
2021-07-27T23:03:36.320+0300 [DEBUG] [org.gradle.launcher.daemon.server.DefaultDaemonConnection] thread 52: Received end-of-input from client.
2021-07-27T23:03:36.327+0300 [DEBUG] [org.gradle.launcher.daemon.server.DefaultIncomingConnectionHandler] Finishing executing command: Build{id=55d4d29c-ccb0-46a6-82e6-6c8dd9ff3805, currentDir=D:\Inna\Documents\JavaCourseProf\3\toll-2017-gradle}
2021-07-27T23:03:36.329+0300 [DEBUG] [org.gradle.launcher.daemon.server.DefaultIncomingConnectionHandler] Received finished message: null
2021-07-27T23:03:36.330+0300 [DEBUG] [org.gradle.launcher.daemon.server.SynchronizedDispatchConnection] thread 16: stopping connection
2021-07-27T23:03:36.337+0300 [DEBUG] [org.gradle.launcher.daemon.server.SynchronizedDispatchConnection] thread 16: stopping connection
2021-07-27T23:03:38.878+0300 [DEBUG] [org.gradle.process.internal.health.memory.DefaultMemoryManager] 1276454912 memory requested, 734289920 free
2021-07-27T23:03:38.878+0300 [DEBUG] [org.gradle.workers.internal.WorkerDaemonExpiration] Will attempt to release 1217 of memory
2021-07-27T23:03:38.878+0300 [DEBUG] [org.gradle.process.internal.health.memory.DefaultMemoryManager] 1276454912 memory requested, 0 released, 734289920 free
2021-07-27T23:03:43.873+0300 [DEBUG] [org.gradle.process.internal.health.memory.DefaultMemoryManager] 1276454912 memory requested, 770736128 free
2021-07-27T23:03:43.873+0300 [DEBUG] [org.gradle.workers.internal.WorkerDaemonExpiration] Will attempt to release 1217 of memory
2021-07-27T23:03:43.874+0300 [DEBUG] [org.gradle.process.internal.health.memory.DefaultMemoryManager] 1276454912 memory requested, 0 released, 770736128 free
2021-07-27T23:03:45.770+0300 [DEBUG] [org.gradle.cache.internal.DefaultFileLockManager] Waiting to acquire shared lock on daemon addresses registry.
2021-07-27T23:03:45.771+0300 [DEBUG] [org.gradle.cache.internal.DefaultFileLockManager] Lock acquired on daemon addresses registry.
2021-07-27T23:03:45.772+0300 [DEBUG] [org.gradle.cache.internal.DefaultFileLockManager] Releasing lock on daemon addresses registry.
2021-07-27T23:03:45.775+0300 [DEBUG] [org.gradle.cache.internal.DefaultFileLockManager] Waiting to acquire shared lock on daemon addresses registry.
2021-07-27T23:03:45.776+0300 [DEBUG] [org.gradle.cache.internal.DefaultFileLockManager] Lock acquired on daemon addresses registry.
2021-07-27T23:03:45.777+0300 [DEBUG] [org.gradle.cache.internal.DefaultFileLockManager] Releasing lock on daemon addresses registry.
2021-07-27T23:03:48.872+0300 [DEBUG] [org.gradle.process.internal.health.memory.DefaultMemoryManager] 1276454912 memory requested, 769359872 free
2021-07-27T23:03:48.873+0300 [DEBUG] [org.gradle.workers.internal.WorkerDaemonExpiration] Will attempt to release 1217 of memory
2021-07-27T23:03:48.873+0300 [DEBUG] [org.gradle.process.internal.health.memory.DefaultMemoryManager] 1276454912 memory requested, 0 released, 769359872 free
2021-07-27T23:03:53.871+0300 [DEBUG] [org.gradle.process.internal.health.memory.DefaultMemoryManager] 1276454912 memory requested, 769368064 free
2021-07-27T23:03:53.872+0300 [DEBUG] [org.gradle.workers.internal.WorkerDaemonExpiration] Will attempt to release 1217 of memory
2021-07-27T23:03:53.872+0300 [DEBUG] [org.gradle.process.internal.health.memory.DefaultMemoryManager] 1276454912 memory requested, 0 released, 769368064 free
2021-07-27T23:03:55.775+0300 [DEBUG] [org.gradle.cache.internal.DefaultFileLockManager] Waiting to acquire shared lock on daemon addresses registry.
2021-07-27T23:03:55.776+0300 [DEBUG] [org.gradle.cache.internal.DefaultFileLockManager] Lock acquired on daemon addresses registry.
2021-07-27T23:03:55.776+0300 [DEBUG] [org.gradle.cache.internal.DefaultFileLockManager] Releasing lock on daemon addresses registry.
2021-07-27T23:03:55.778+0300 [DEBUG] [org.gradle.cache.internal.DefaultFileLockManager] Waiting to acquire shared lock on daemon addresses registry.
2021-07-27T23:03:55.778+0300 [DEBUG] [org.gradle.cache.internal.DefaultFileLockManager] Lock acquired on daemon addresses registry.
2021-07-27T23:03:55.778+0300 [DEBUG] [org.gradle.cache.internal.DefaultFileLockManager] Releasing lock on daemon addresses registry.
2021-07-27T23:03:55.779+0300 [DEBUG] [org.gradle.cache.internal.DefaultFileLockManager] Waiting to acquire shared lock on daemon addresses registry.
2021-07-27T23:03:55.779+0300 [DEBUG] [org.gradle.cache.internal.DefaultFileLockManager] Lock acquired on daemon addresses registry.
2021-07-27T23:03:55.779+0300 [DEBUG] [org.gradle.cache.internal.DefaultFileLockManager] Releasing lock on daemon addresses registry.
2021-07-27T23:03:58.876+0300 [DEBUG] [org.gradle.process.internal.health.memory.DefaultMemoryManager] 1276454912 memory requested, 770478080 free
2021-07-27T23:03:58.877+0300 [DEBUG] [org.gradle.workers.internal.WorkerDaemonExpiration] Will attempt to release 1217 of memory
2021-07-27T23:03:58.877+0300 [DEBUG] [org.gradle.process.internal.health.memory.DefaultMemoryManager] 1276454912 memory requested, 0 released, 770478080 free
2021-07-27T23:04:03.872+0300 [DEBUG] [org.gradle.process.internal.health.memory.DefaultMemoryManager] 1276454912 memory requested, 762261504 free
2021-07-27T23:04:03.873+0300 [DEBUG] [org.gradle.workers.internal.WorkerDaemonExpiration] Will attempt to release 1217 of memory
2021-07-27T23:04:03.873+0300 [DEBUG] [org.gradle.process.internal.health.memory.DefaultMemoryManager] 1276454912 memory requested, 0 released, 762261504 free
2021-07-27T23:04:05.772+0300 [DEBUG] [org.gradle.cache.internal.DefaultFileLockManager] Waiting to acquire shared lock on daemon addresses registry.
2021-07-27T23:04:05.773+0300 [DEBUG] [org.gradle.cache.internal.DefaultFileLockManager] Lock acquired on daemon addresses registry.
2021-07-27T23:04:05.774+0300 [DEBUG] [org.gradle.cache.internal.DefaultFileLockManager] Releasing lock on daemon addresses registry.
2021-07-27T23:04:05.775+0300 [DEBUG] [org.gradle.cache.internal.DefaultFileLockManager] Waiting to acquire shared lock on daemon addresses registry.
2021-07-27T23:04:05.777+0300 [DEBUG] [org.gradle.cache.internal.DefaultFileLockManager] Lock acquired on daemon addresses registry.
2021-07-27T23:04:05.780+0300 [DEBUG] [org.gradle.cache.internal.DefaultFileLockManager] Releasing lock on daemon addresses registry.
2021-07-27T23:04:05.788+0300 [DEBUG] [org.gradle.cache.internal.DefaultFileLockManager] Waiting to acquire shared lock on daemon addresses registry.
2021-07-27T23:04:05.789+0300 [DEBUG] [org.gradle.cache.internal.DefaultFileLockManager] Lock acquired on daemon addresses registry.
2021-07-27T23:04:05.790+0300 [DEBUG] [org.gradle.cache.internal.DefaultFileLockManager] Releasing lock on daemon addresses registry.
2021-07-27T23:04:08.877+0300 [DEBUG] [org.gradle.process.internal.health.memory.DefaultMemoryManager] 1276454912 memory requested, 771297280 free
2021-07-27T23:04:08.877+0300 [DEBUG] [org.gradle.workers.internal.WorkerDaemonExpiration] Will attempt to release 1217 of memory
2021-07-27T23:04:08.877+0300 [DEBUG] [org.gradle.process.internal.health.memory.DefaultMemoryManager] 1276454912 memory requested, 0 released, 771297280 free
2021-07-27T23:04:13.877+0300 [DEBUG] [org.gradle.process.internal.health.memory.DefaultMemoryManager] 1276454912 memory requested, 612757504 free
2021-07-27T23:04:13.877+0300 [DEBUG] [org.gradle.workers.internal.WorkerDaemonExpiration] Will attempt to release 1217 of memory
2021-07-27T23:04:13.877+0300 [DEBUG] [org.gradle.process.internal.health.memory.DefaultMemoryManager] 1276454912 memory requested, 0 released, 612757504 free
2021-07-27T23:04:15.772+0300 [DEBUG] [org.gradle.cache.internal.DefaultFileLockManager] Waiting to acquire shared lock on daemon addresses registry.
2021-07-27T23:04:15.773+0300 [DEBUG] [org.gradle.cache.internal.DefaultFileLockManager] Lock acquired on daemon addresses registry.
2021-07-27T23:04:15.778+0300 [DEBUG] [org.gradle.cache.internal.DefaultFileLockManager] Releasing lock on daemon addresses registry.
2021-07-27T23:04:15.779+0300 [DEBUG] [org.gradle.cache.internal.DefaultFileLockManager] Waiting to acquire shared lock on daemon addresses registry.
2021-07-27T23:04:15.779+0300 [DEBUG] [org.gradle.cache.internal.DefaultFileLockManager] Lock acquired on daemon addresses registry.
2021-07-27T23:04:15.780+0300 [DEBUG] [org.gradle.cache.internal.DefaultFileLockManager] Releasing lock on daemon addresses registry.
2021-07-27T23:04:15.780+0300 [DEBUG] [org.gradle.cache.internal.DefaultFileLockManager] Waiting to acquire shared lock on daemon addresses registry.
2021-07-27T23:04:15.781+0300 [DEBUG] [org.gradle.cache.internal.DefaultFileLockManager] Lock acquired on daemon addresses registry.
2021-07-27T23:04:15.781+0300 [DEBUG] [org.gradle.cache.internal.DefaultFileLockManager] Releasing lock on daemon addresses registry.
2021-07-27T23:04:15.936+0300 [DEBUG] [org.gradle.cache.internal.LockOnDemandCrossProcessCacheAccess] Lock on file hash cache (D:\Inna\Documents\JavaCourseProf\3\toll-2017-gradle\caches\6.8\fileHashes) requested by another process - releasing lock.
2021-07-27T23:04:15.936+0300 [DEBUG] [org.gradle.cache.internal.LockOnDemandCrossProcessCacheAccess] Releasing file lock for file hash cache (D:\Inna\Documents\JavaCourseProf\3\toll-2017-gradle\caches\6.8\fileHashes)
2021-07-27T23:04:15.936+0300 [DEBUG] [org.gradle.cache.internal.btree.BTreePersistentIndexedCache] Closing cache fileHashes.bin (D:\Inna\Documents\JavaCourseProf\3\toll-2017-gradle\caches\6.8\fileHashes\fileHashes.bin)
2021-07-27T23:04:15.937+0300 [DEBUG] [org.gradle.cache.internal.btree.BTreePersistentIndexedCache] Closing cache resourceHashesCache.bin (D:\Inna\Documents\JavaCourseProf\3\toll-2017-gradle\caches\6.8\fileHashes\resourceHashesCache.bin)
2021-07-27T23:04:15.937+0300 [DEBUG] [org.gradle.cache.internal.DefaultFileLockManager] Releasing lock on file hash cache (D:\Inna\Documents\JavaCourseProf\3\toll-2017-gradle\caches\6.8\fileHashes).
2021-07-27T23:04:15.938+0300 [DEBUG] [org.gradle.cache.internal.locklistener.FileLockCommunicator] Confirming lock release to Gradle process at port 64319 for lock with id 1213025352738776818.
2021-07-27T23:04:15.938+0300 [DEBUG] [org.gradle.cache.internal.locklistener.FileLockCommunicator] Confirming lock release to Gradle process at port 64319 for lock with id 1213025352738776818.
2021-07-27T23:04:16.051+0300 [DEBUG] [org.gradle.cache.internal.LockOnDemandCrossProcessCacheAccess] Lock on journal cache (D:\Inna\Documents\JavaCourseProf\3\toll-2017-gradle\caches\journal-1) requested by another process - releasing lock.
2021-07-27T23:04:16.051+0300 [DEBUG] [org.gradle.cache.internal.LockOnDemandCrossProcessCacheAccess] Releasing file lock for journal cache (D:\Inna\Documents\JavaCourseProf\3\toll-2017-gradle\caches\journal-1)
2021-07-27T23:04:16.052+0300 [DEBUG] [org.gradle.cache.internal.btree.BTreePersistentIndexedCache] Closing cache file-access.bin (D:\Inna\Documents\JavaCourseProf\3\toll-2017-gradle\caches\journal-1\file-access.bin)
2021-07-27T23:04:16.054+0300 [DEBUG] [org.gradle.cache.internal.DefaultFileLockManager] Releasing lock on journal cache (D:\Inna\Documents\JavaCourseProf\3\toll-2017-gradle\caches\journal-1).
2021-07-27T23:04:16.055+0300 [DEBUG] [org.gradle.cache.internal.locklistener.FileLockCommunicator] Confirming lock release to Gradle process at port 64319 for lock with id 6381483184335393386.
2021-07-27T23:04:16.055+0300 [DEBUG] [org.gradle.cache.internal.locklistener.FileLockCommunicator] Confirming lock release to Gradle process at port 64319 for lock with id 6381483184335393386.
2021-07-27T23:04:16.579+0300 [DEBUG] [org.gradle.cache.internal.LockOnDemandCrossProcessCacheAccess] Lock on jars (D:\Inna\Documents\JavaCourseProf\3\toll-2017-gradle\caches\jars-8) requested by another process - releasing lock.
2021-07-27T23:04:16.580+0300 [DEBUG] [org.gradle.cache.internal.LockOnDemandCrossProcessCacheAccess] Releasing file lock for jars (D:\Inna\Documents\JavaCourseProf\3\toll-2017-gradle\caches\jars-8)
2021-07-27T23:04:16.580+0300 [DEBUG] [org.gradle.cache.internal.DefaultFileLockManager] Releasing lock on jars (D:\Inna\Documents\JavaCourseProf\3\toll-2017-gradle\caches\jars-8).
2021-07-27T23:04:16.581+0300 [DEBUG] [org.gradle.cache.internal.locklistener.FileLockCommunicator] Confirming lock release to Gradle process at port 64319 for lock with id 7968480081411164030.
2021-07-27T23:04:16.581+0300 [DEBUG] [org.gradle.cache.internal.locklistener.FileLockCommunicator] Confirming lock release to Gradle process at port 64319 for lock with id 7968480081411164030.
2021-07-27T23:04:17.272+0300 [DEBUG] [org.gradle.cache.internal.LockOnDemandCrossProcessCacheAccess] Lock on execution history cache (D:\Inna\Documents\JavaCourseProf\3\toll-2017-gradle\caches\6.8\executionHistory) requested by another process - releasing lock.
2021-07-27T23:04:17.272+0300 [DEBUG] [org.gradle.cache.internal.LockOnDemandCrossProcessCacheAccess] Releasing file lock for execution history cache (D:\Inna\Documents\JavaCourseProf\3\toll-2017-gradle\caches\6.8\executionHistory)
2021-07-27T23:04:17.273+0300 [DEBUG] [org.gradle.cache.internal.DefaultFileLockManager] Releasing lock on execution history cache (D:\Inna\Documents\JavaCourseProf\3\toll-2017-gradle\caches\6.8\executionHistory).
2021-07-27T23:04:17.273+0300 [DEBUG] [org.gradle.cache.internal.locklistener.FileLockCommunicator] Confirming lock release to Gradle process at port 64319 for lock with id -1063781499501948499.
2021-07-27T23:04:17.274+0300 [DEBUG] [org.gradle.cache.internal.locklistener.FileLockCommunicator] Confirming lock release to Gradle process at port 64319 for lock with id -1063781499501948499.
2021-07-27T23:04:17.912+0300 [DEBUG] [org.gradle.cache.internal.LockOnDemandCrossProcessCacheAccess] Lock on file content cache (D:\Inna\Documents\JavaCourseProf\3\toll-2017-gradle\caches\6.8\fileContent) requested by another process - releasing lock.
2021-07-27T23:04:17.912+0300 [DEBUG] [org.gradle.cache.internal.LockOnDemandCrossProcessCacheAccess] Releasing file lock for file content cache (D:\Inna\Documents\JavaCourseProf\3\toll-2017-gradle\caches\6.8\fileContent)
2021-07-27T23:04:17.913+0300 [DEBUG] [org.gradle.cache.internal.DefaultFileLockManager] Releasing lock on file content cache (D:\Inna\Documents\JavaCourseProf\3\toll-2017-gradle\caches\6.8\fileContent).
2021-07-27T23:04:17.913+0300 [DEBUG] [org.gradle.cache.internal.locklistener.FileLockCommunicator] Confirming lock release to Gradle process at port 64319 for lock with id -246027608918450142.
2021-07-27T23:04:17.914+0300 [DEBUG] [org.gradle.cache.internal.locklistener.FileLockCommunicator] Confirming lock release to Gradle process at port 64319 for lock with id -246027608918450142.
2021-07-27T23:04:18.870+0300 [DEBUG] [org.gradle.process.internal.health.memory.DefaultMemoryManager] 1276454912 memory requested, 470142976 free
2021-07-27T23:04:18.870+0300 [DEBUG] [org.gradle.workers.internal.WorkerDaemonExpiration] Will attempt to release 1217 of memory
2021-07-27T23:04:18.870+0300 [DEBUG] [org.gradle.process.internal.health.memory.DefaultMemoryManager] 1276454912 memory requested, 0 released, 470142976 free
2021-07-27T23:04:20.595+0300 [DEBUG] [org.gradle.cache.internal.LockOnDemandCrossProcessCacheAccess] Lock on artifact cache (D:\Inna\Documents\JavaCourseProf\3\toll-2017-gradle\caches\modules-2) requested by another process - releasing lock.
2021-07-27T23:04:20.595+0300 [DEBUG] [org.gradle.cache.internal.LockOnDemandCrossProcessCacheAccess] Releasing file lock for artifact cache (D:\Inna\Documents\JavaCourseProf\3\toll-2017-gradle\caches\modules-2)
2021-07-27T23:04:20.595+0300 [DEBUG] [org.gradle.cache.internal.btree.BTreePersistentIndexedCache] Closing cache module-metadata.bin (D:\Inna\Documents\JavaCourseProf\3\toll-2017-gradle\caches\modules-2\metadata-2.97\module-metadata.bin)
2021-07-27T23:04:20.595+0300 [DEBUG] [org.gradle.cache.internal.btree.BTreePersistentIndexedCache] Closing cache module-artifact.bin (D:\Inna\Documents\JavaCourseProf\3\toll-2017-gradle\caches\modules-2\metadata-2.97\module-artifact.bin)
2021-07-27T23:04:20.595+0300 [DEBUG] [org.gradle.cache.internal.btree.BTreePersistentIndexedCache] Closing cache module-artifacts.bin (D:\Inna\Documents\JavaCourseProf\3\toll-2017-gradle\caches\modules-2\metadata-2.97\module-artifacts.bin)
2021-07-27T23:04:20.596+0300 [DEBUG] [org.gradle.cache.internal.DefaultFileLockManager] Releasing lock on artifact cache (D:\Inna\Documents\JavaCourseProf\3\toll-2017-gradle\caches\modules-2).
2021-07-27T23:04:20.597+0300 [DEBUG] [org.gradle.cache.internal.locklistener.FileLockCommunicator] Confirming lock release to Gradle process at port 64319 for lock with id -1916878544023844739.
2021-07-27T23:04:20.598+0300 [DEBUG] [org.gradle.cache.internal.locklistener.FileLockCommunicator] Confirming lock release to Gradle process at port 64319 for lock with id -1916878544023844739.
2021-07-27T23:04:23.881+0300 [DEBUG] [org.gradle.process.internal.health.memory.DefaultMemoryManager] 1276454912 memory requested, 428703744 free
2021-07-27T23:04:23.881+0300 [DEBUG] [org.gradle.workers.internal.WorkerDaemonExpiration] Will attempt to release 1217 of memory
2021-07-27T23:04:23.881+0300 [DEBUG] [org.gradle.process.internal.health.memory.DefaultMemoryManager] 1276454912 memory requested, 0 released, 428703744 free
2021-07-27T23:04:25.768+0300 [DEBUG] [org.gradle.cache.internal.DefaultFileLockManager] Waiting to acquire shared lock on daemon addresses registry.
2021-07-27T23:04:25.768+0300 [DEBUG] [org.gradle.cache.internal.DefaultFileLockManager] Lock acquired on daemon addresses registry.
2021-07-27T23:04:25.768+0300 [DEBUG] [org.gradle.cache.internal.DefaultFileLockManager] Releasing lock on daemon addresses registry.
2021-07-27T23:04:25.770+0300 [DEBUG] [org.gradle.cache.internal.DefaultFileLockManager] Waiting to acquire shared lock on daemon addresses registry.
2021-07-27T23:04:25.770+0300 [DEBUG] [org.gradle.cache.internal.DefaultFileLockManager] Lock acquired on daemon addresses registry.
2021-07-27T23:04:25.770+0300 [DEBUG] [org.gradle.cache.internal.DefaultFileLockManager] Releasing lock on daemon addresses registry.
2021-07-27T23:04:25.771+0300 [INFO] [org.gradle.launcher.daemon.server.health.LowMemoryDaemonExpirationStrategy] after free system memory (408.8 MiB) fell below threshold of 608.6 MiB
2021-07-27T23:04:25.771+0300 [DEBUG] [org.gradle.cache.internal.DefaultFileLockManager] Waiting to acquire shared lock on daemon addresses registry.
2021-07-27T23:04:25.771+0300 [DEBUG] [org.gradle.cache.internal.DefaultFileLockManager] Lock acquired on daemon addresses registry.
2021-07-27T23:04:25.772+0300 [DEBUG] [org.gradle.cache.internal.DefaultFileLockManager] Releasing lock on daemon addresses registry.
2021-07-27T23:04:25.772+0300 [DEBUG] [org.gradle.launcher.daemon.server.DaemonRegistryUpdater] Storing daemon stop event: after being idle for 0 minutes and not recently used and to reclaim system memory
2021-07-27T23:04:25.772+0300 [DEBUG] [org.gradle.launcher.daemon.registry.PersistentDaemonRegistry] Storing daemon stop event with timestamp 1627416265772
2021-07-27T23:04:25.773+0300 [DEBUG] [org.gradle.cache.internal.DefaultFileLockManager] Waiting to acquire exclusive lock on daemon addresses registry.
2021-07-27T23:04:25.773+0300 [DEBUG] [org.gradle.cache.internal.DefaultFileLockManager] Lock acquired on daemon addresses registry.
2021-07-27T23:04:25.774+0300 [DEBUG] [org.gradle.cache.internal.DefaultFileLockManager] Releasing lock on daemon addresses registry.
2021-07-27T23:04:25.775+0300 [LIFECYCLE] [org.gradle.launcher.daemon.server.DaemonStateCoordinator] Daemon will be stopped at the end of the build after being idle for 0 minutes and not recently used and to reclaim system memory
2021-07-27T23:04:25.775+0300 [DEBUG] [org.gradle.launcher.daemon.server.DaemonStateCoordinator] Marking daemon stopped due to after being idle for 0 minutes and not recently used and to reclaim system memory. The daemon is running a build: false
2021-07-27T23:04:25.775+0300 [DEBUG] [org.gradle.launcher.daemon.server.DaemonStateCoordinator] daemon has stopped.
2021-07-27T23:04:25.775+0300 [DEBUG] [org.gradle.launcher.daemon.server.Daemon] stop() called on daemon
2021-07-27T23:04:25.775+0300 [INFO] [org.gradle.launcher.daemon.server.Daemon] Stop requested. Daemon is removing its presence from the registry...
2021-07-27T23:04:25.776+0300 [DEBUG] [org.gradle.launcher.daemon.server.DaemonRegistryUpdater] Removing our presence to clients, eg. removing this address from the registry: [6f3a2225-3100-4fe8-83d8-9deda6feb82f port:56222, addresses:[localhost/127.0.0.1]]
2021-07-27T23:04:25.776+0300 [DEBUG] [org.gradle.launcher.daemon.registry.PersistentDaemonRegistry] Removing daemon address: [6f3a2225-3100-4fe8-83d8-9deda6feb82f port:56222, addresses:[localhost/127.0.0.1]]
2021-07-27T23:04:25.777+0300 [DEBUG] [org.gradle.cache.internal.DefaultFileLockManager] Waiting to acquire exclusive lock on daemon addresses registry.
2021-07-27T23:04:25.777+0300 [DEBUG] [org.gradle.cache.internal.DefaultFileLockManager] Lock acquired on daemon addresses registry.
2021-07-27T23:04:25.779+0300 [DEBUG] [org.gradle.cache.internal.DefaultFileLockManager] Releasing lock on daemon addresses registry.
2021-07-27T23:04:25.780+0300 [DEBUG] [org.gradle.launcher.daemon.server.DaemonRegistryUpdater] Address removed from registry.
2021-07-27T23:04:25.782+0300 [DEBUG] [org.gradle.cache.internal.DefaultPersistentDirectoryStore] jars (D:\Inna\Documents\JavaCourseProf\3\toll-2017-gradle\caches\jars-8) has last been fully cleaned up 0 hours ago
2021-07-27T23:04:25.783+0300 [DEBUG] [org.gradle.cache.internal.LockOnDemandCrossProcessCacheAccess] Releasing file lock for Java compile cache (D:\Inna\Documents\JavaCourseProf\3\toll-2017-gradle\caches\6.8\javaCompile)
2021-07-27T23:04:25.784+0300 [DEBUG] [org.gradle.cache.internal.btree.BTreePersistentIndexedCache] Closing cache jarAnalysis.bin (D:\Inna\Documents\JavaCourseProf\3\toll-2017-gradle\caches\6.8\javaCompile\jarAnalysis.bin)
2021-07-27T23:04:25.784+0300 [DEBUG] [org.gradle.cache.internal.DefaultFileLockManager] Releasing lock on Java compile cache (D:\Inna\Documents\JavaCourseProf\3\toll-2017-gradle\caches\6.8\javaCompile).
2021-07-27T23:04:25.785+0300 [DEBUG] [org.gradle.cache.internal.DefaultPersistentDirectoryStore] Artifact transforms cache (D:\Inna\Documents\JavaCourseProf\3\toll-2017-gradle\caches\transforms-3) has last been fully cleaned up 0 hours ago
2021-07-27T23:04:25.785+0300 [DEBUG] [org.gradle.cache.internal.DefaultCacheAccess] Cache Artifact transforms cache (D:\Inna\Documents\JavaCourseProf\3\toll-2017-gradle\caches\transforms-3) was closed 0 times.
2021-07-27T23:04:25.785+0300 [DEBUG] [org.gradle.cache.internal.DefaultPersistentDirectoryStore] artifact cache (D:\Inna\Documents\JavaCourseProf\3\toll-2017-gradle\caches\modules-2) has last been fully cleaned up 0 hours ago
2021-07-27T23:04:25.786+0300 [DEBUG] [org.gradle.cache.internal.DefaultCacheAccess] Cache Generated Gradle JARs cache (D:\Inna\Documents\JavaCourseProf\3\toll-2017-gradle\caches\6.8\generated-gradle-jars) was closed 0 times.
2021-07-27T23:04:25.786+0300 [DEBUG] [org.gradle.cache.internal.DefaultFileLockManager] Releasing lock on cache directory workerMain (D:\Inna\Documents\JavaCourseProf\3\toll-2017-gradle\caches\6.8\workerMain).
2021-07-27T23:04:25.791+0300 [DEBUG] [org.gradle.launcher.daemon.registry.PersistentDaemonRegistry] Removing daemon address: [6f3a2225-3100-4fe8-83d8-9deda6feb82f port:56222, addresses:[localhost/127.0.0.1]]
2021-07-27T23:04:25.793+0300 [DEBUG] [org.gradle.cache.internal.DefaultFileLockManager] Waiting to acquire exclusive lock on daemon addresses registry.
2021-07-27T23:04:25.794+0300 [DEBUG] [org.gradle.cache.internal.DefaultFileLockManager] Lock acquired on daemon addresses registry.
Daemon vm is shutting down... The daemon has exited normally or was terminated in response to a user interrupt.
2021-07-27T23:04:25.799+0300 [DEBUG] [org.gradle.cache.internal.DefaultFileLockManager] Releasing lock on daemon addresses registry.
